This is pdfTeX, Version 3.14159265-2.6-1.40.16 (TeX Live 2015) (preloaded format=pdflatex 2016.3.28)  24 APR 2019 12:36
entering extended mode
 \write18 enabled.
 %&-line parsing enabled.
**CR_Martelages.tex
(./CR_Martelages.tex
LaTeX2e <2015/01/01>
Babel <3.9l> and hyphenation patterns for 79 languages loaded.
(/usr/local/texlive/2015/texmf-dist/tex/latex/base/book.cls
Document Class: book 2014/09/29 v1.4h Standard LaTeX document class
(/usr/local/texlive/2015/texmf-dist/tex/latex/base/bk10.clo
File: bk10.clo 2014/09/29 v1.4h Standard LaTeX file (size option)
)
\c@part=\count79
\c@chapter=\count80
\c@section=\count81
\c@subsection=\count82
\c@subsubsection=\count83
\c@paragraph=\count84
\c@subparagraph=\count85
\c@figure=\count86
\c@table=\count87
\abovecaptionskip=\skip41
\belowcaptionskip=\skip42
\bibindent=\dimen102
)
(/usr/local/texlive/2015/texmf-dist/tex/latex/graphics/graphicx.sty
Package: graphicx 2014/10/28 v1.0g Enhanced LaTeX Graphics (DPC,SPQR)

(/usr/local/texlive/2015/texmf-dist/tex/latex/graphics/keyval.sty
Package: keyval 2014/10/28 v1.15 key=value parser (DPC)
\KV@toks@=\toks14
)
(/usr/local/texlive/2015/texmf-dist/tex/latex/graphics/graphics.sty
Package: graphics 2014/10/28 v1.0p Standard LaTeX Graphics (DPC,SPQR)

(/usr/local/texlive/2015/texmf-dist/tex/latex/graphics/trig.sty
Package: trig 1999/03/16 v1.09 sin cos tan (DPC)
)
(/usr/local/texlive/2015/texmf-dist/tex/latex/latexconfig/graphics.cfg
File: graphics.cfg 2010/04/23 v1.9 graphics configuration of TeX Live
)
Package graphics Info: Driver file: pdftex.def on input line 94.

(/usr/local/texlive/2015/texmf-dist/tex/latex/pdftex-def/pdftex.def
File: pdftex.def 2011/05/27 v0.06d Graphics/color for pdfTeX

(/usr/local/texlive/2015/texmf-dist/tex/generic/oberdiek/infwarerr.sty
Package: infwarerr 2010/04/08 v1.3 Providing info/warning/error messages (HO)
)
(/usr/local/texlive/2015/texmf-dist/tex/generic/oberdiek/ltxcmds.sty
Package: ltxcmds 2011/11/09 v1.22 LaTeX kernel commands for general use (HO)
)
\Gread@gobject=\count88
))
\Gin@req@height=\dimen103
\Gin@req@width=\dimen104
)
(/usr/local/texlive/2015/texmf-dist/tex/latex/graphics/color.sty
Package: color 2014/10/28 v1.1a Standard LaTeX Color (DPC)

(/usr/local/texlive/2015/texmf-dist/tex/latex/latexconfig/color.cfg
File: color.cfg 2007/01/18 v1.5 color configuration of teTeX/TeXLive
)
Package color Info: Driver file: pdftex.def on input line 142.
)
(/usr/local/texlive/2015/texmf-dist/tex/latex/framed/framed.sty
Package: framed 2011/10/22 v 0.96: framed or shaded text with page breaks
\OuterFrameSep=\skip43
\fb@frw=\dimen105
\fb@frh=\dimen106
\FrameRule=\dimen107
\FrameSep=\dimen108
)
(/usr/local/texlive/2015/texmf-dist/tex/latex/base/alltt.sty
Package: alltt 1997/06/16 v2.0g defines alltt environment
)
(/usr/local/texlive/2015/texmf-dist/tex/latex/base/inputenc.sty
Package: inputenc 2015/03/17 v1.2c Input encoding file
\inpenc@prehook=\toks15
\inpenc@posthook=\toks16

(/usr/local/texlive/2015/texmf-dist/tex/latex/base/utf8.def
File: utf8.def 2014/09/29 v1.1m UTF-8 support for inputenc
Now handling font encoding OML ...
... no UTF-8 mapping file for font encoding OML
Now handling font encoding T1 ...
... processing UTF-8 mapping file for font encoding T1

(/usr/local/texlive/2015/texmf-dist/tex/latex/base/t1enc.dfu
File: t1enc.dfu 2014/09/29 v1.1m UTF-8 support for inputenc
   defining Unicode char U+00A1 (decimal 161)
   defining Unicode char U+00A3 (decimal 163)
   defining Unicode char U+00AB (decimal 171)
   defining Unicode char U+00BB (decimal 187)
   defining Unicode char U+00BF (decimal 191)
   defining Unicode char U+00C0 (decimal 192)
   defining Unicode char U+00C1 (decimal 193)
   defining Unicode char U+00C2 (decimal 194)
   defining Unicode char U+00C3 (decimal 195)
   defining Unicode char U+00C4 (decimal 196)
   defining Unicode char U+00C5 (decimal 197)
   defining Unicode char U+00C6 (decimal 198)
   defining Unicode char U+00C7 (decimal 199)
   defining Unicode char U+00C8 (decimal 200)
   defining Unicode char U+00C9 (decimal 201)
   defining Unicode char U+00CA (decimal 202)
   defining Unicode char U+00CB (decimal 203)
   defining Unicode char U+00CC (decimal 204)
   defining Unicode char U+00CD (decimal 205)
   defining Unicode char U+00CE (decimal 206)
   defining Unicode char U+00CF (decimal 207)
   defining Unicode char U+00D0 (decimal 208)
   defining Unicode char U+00D1 (decimal 209)
   defining Unicode char U+00D2 (decimal 210)
   defining Unicode char U+00D3 (decimal 211)
   defining Unicode char U+00D4 (decimal 212)
   defining Unicode char U+00D5 (decimal 213)
   defining Unicode char U+00D6 (decimal 214)
   defining Unicode char U+00D8 (decimal 216)
   defining Unicode char U+00D9 (decimal 217)
   defining Unicode char U+00DA (decimal 218)
   defining Unicode char U+00DB (decimal 219)
   defining Unicode char U+00DC (decimal 220)
   defining Unicode char U+00DD (decimal 221)
   defining Unicode char U+00DE (decimal 222)
   defining Unicode char U+00DF (decimal 223)
   defining Unicode char U+00E0 (decimal 224)
   defining Unicode char U+00E1 (decimal 225)
   defining Unicode char U+00E2 (decimal 226)
   defining Unicode char U+00E3 (decimal 227)
   defining Unicode char U+00E4 (decimal 228)
   defining Unicode char U+00E5 (decimal 229)
   defining Unicode char U+00E6 (decimal 230)
   defining Unicode char U+00E7 (decimal 231)
   defining Unicode char U+00E8 (decimal 232)
   defining Unicode char U+00E9 (decimal 233)
   defining Unicode char U+00EA (decimal 234)
   defining Unicode char U+00EB (decimal 235)
   defining Unicode char U+00EC (decimal 236)
   defining Unicode char U+00ED (decimal 237)
   defining Unicode char U+00EE (decimal 238)
   defining Unicode char U+00EF (decimal 239)
   defining Unicode char U+00F0 (decimal 240)
   defining Unicode char U+00F1 (decimal 241)
   defining Unicode char U+00F2 (decimal 242)
   defining Unicode char U+00F3 (decimal 243)
   defining Unicode char U+00F4 (decimal 244)
   defining Unicode char U+00F5 (decimal 245)
   defining Unicode char U+00F6 (decimal 246)
   defining Unicode char U+00F8 (decimal 248)
   defining Unicode char U+00F9 (decimal 249)
   defining Unicode char U+00FA (decimal 250)
   defining Unicode char U+00FB (decimal 251)
   defining Unicode char U+00FC (decimal 252)
   defining Unicode char U+00FD (decimal 253)
   defining Unicode char U+00FE (decimal 254)
   defining Unicode char U+00FF (decimal 255)
   defining Unicode char U+0102 (decimal 258)
   defining Unicode char U+0103 (decimal 259)
   defining Unicode char U+0104 (decimal 260)
   defining Unicode char U+0105 (decimal 261)
   defining Unicode char U+0106 (decimal 262)
   defining Unicode char U+0107 (decimal 263)
   defining Unicode char U+010C (decimal 268)
   defining Unicode char U+010D (decimal 269)
   defining Unicode char U+010E (decimal 270)
   defining Unicode char U+010F (decimal 271)
   defining Unicode char U+0110 (decimal 272)
   defining Unicode char U+0111 (decimal 273)
   defining Unicode char U+0118 (decimal 280)
   defining Unicode char U+0119 (decimal 281)
   defining Unicode char U+011A (decimal 282)
   defining Unicode char U+011B (decimal 283)
   defining Unicode char U+011E (decimal 286)
   defining Unicode char U+011F (decimal 287)
   defining Unicode char U+0130 (decimal 304)
   defining Unicode char U+0131 (decimal 305)
   defining Unicode char U+0132 (decimal 306)
   defining Unicode char U+0133 (decimal 307)
   defining Unicode char U+0139 (decimal 313)
   defining Unicode char U+013A (decimal 314)
   defining Unicode char U+013D (decimal 317)
   defining Unicode char U+013E (decimal 318)
   defining Unicode char U+0141 (decimal 321)
   defining Unicode char U+0142 (decimal 322)
   defining Unicode char U+0143 (decimal 323)
   defining Unicode char U+0144 (decimal 324)
   defining Unicode char U+0147 (decimal 327)
   defining Unicode char U+0148 (decimal 328)
   defining Unicode char U+014A (decimal 330)
   defining Unicode char U+014B (decimal 331)
   defining Unicode char U+0150 (decimal 336)
   defining Unicode char U+0151 (decimal 337)
   defining Unicode char U+0152 (decimal 338)
   defining Unicode char U+0153 (decimal 339)
   defining Unicode char U+0154 (decimal 340)
   defining Unicode char U+0155 (decimal 341)
   defining Unicode char U+0158 (decimal 344)
   defining Unicode char U+0159 (decimal 345)
   defining Unicode char U+015A (decimal 346)
   defining Unicode char U+015B (decimal 347)
   defining Unicode char U+015E (decimal 350)
   defining Unicode char U+015F (decimal 351)
   defining Unicode char U+0160 (decimal 352)
   defining Unicode char U+0161 (decimal 353)
   defining Unicode char U+0162 (decimal 354)
   defining Unicode char U+0163 (decimal 355)
   defining Unicode char U+0164 (decimal 356)
   defining Unicode char U+0165 (decimal 357)
   defining Unicode char U+016E (decimal 366)
   defining Unicode char U+016F (decimal 367)
   defining Unicode char U+0170 (decimal 368)
   defining Unicode char U+0171 (decimal 369)
   defining Unicode char U+0178 (decimal 376)
   defining Unicode char U+0179 (decimal 377)
   defining Unicode char U+017A (decimal 378)
   defining Unicode char U+017B (decimal 379)
   defining Unicode char U+017C (decimal 380)
   defining Unicode char U+017D (decimal 381)
   defining Unicode char U+017E (decimal 382)
   defining Unicode char U+200C (decimal 8204)
   defining Unicode char U+2013 (decimal 8211)
   defining Unicode char U+2014 (decimal 8212)
   defining Unicode char U+2018 (decimal 8216)
   defining Unicode char U+2019 (decimal 8217)
   defining Unicode char U+201A (decimal 8218)
   defining Unicode char U+201C (decimal 8220)
   defining Unicode char U+201D (decimal 8221)
   defining Unicode char U+201E (decimal 8222)
   defining Unicode char U+2030 (decimal 8240)
   defining Unicode char U+2031 (decimal 8241)
   defining Unicode char U+2039 (decimal 8249)
   defining Unicode char U+203A (decimal 8250)
   defining Unicode char U+2423 (decimal 9251)
)
Now handling font encoding OT1 ...
... processing UTF-8 mapping file for font encoding OT1

(/usr/local/texlive/2015/texmf-dist/tex/latex/base/ot1enc.dfu
File: ot1enc.dfu 2014/09/29 v1.1m UTF-8 support for inputenc
   defining Unicode char U+00A1 (decimal 161)
   defining Unicode char U+00A3 (decimal 163)
   defining Unicode char U+00B8 (decimal 184)
   defining Unicode char U+00BF (decimal 191)
   defining Unicode char U+00C5 (decimal 197)
   defining Unicode char U+00C6 (decimal 198)
   defining Unicode char U+00D8 (decimal 216)
   defining Unicode char U+00DF (decimal 223)
   defining Unicode char U+00E6 (decimal 230)
   defining Unicode char U+00EC (decimal 236)
   defining Unicode char U+00ED (decimal 237)
   defining Unicode char U+00EE (decimal 238)
   defining Unicode char U+00EF (decimal 239)
   defining Unicode char U+00F8 (decimal 248)
   defining Unicode char U+0131 (decimal 305)
   defining Unicode char U+0141 (decimal 321)
   defining Unicode char U+0142 (decimal 322)
   defining Unicode char U+0152 (decimal 338)
   defining Unicode char U+0153 (decimal 339)
   defining Unicode char U+2013 (decimal 8211)
   defining Unicode char U+2014 (decimal 8212)
   defining Unicode char U+2018 (decimal 8216)
   defining Unicode char U+2019 (decimal 8217)
   defining Unicode char U+201C (decimal 8220)
   defining Unicode char U+201D (decimal 8221)
)
Now handling font encoding OMS ...
... processing UTF-8 mapping file for font encoding OMS

(/usr/local/texlive/2015/texmf-dist/tex/latex/base/omsenc.dfu
File: omsenc.dfu 2014/09/29 v1.1m UTF-8 support for inputenc
   defining Unicode char U+00A7 (decimal 167)
   defining Unicode char U+00B6 (decimal 182)
   defining Unicode char U+00B7 (decimal 183)
   defining Unicode char U+2020 (decimal 8224)
   defining Unicode char U+2021 (decimal 8225)
   defining Unicode char U+2022 (decimal 8226)
)
Now handling font encoding OMX ...
... no UTF-8 mapping file for font encoding OMX
Now handling font encoding U ...
... no UTF-8 mapping file for font encoding U
   defining Unicode char U+00A9 (decimal 169)
   defining Unicode char U+00AA (decimal 170)
   defining Unicode char U+00AE (decimal 174)
   defining Unicode char U+00BA (decimal 186)
   defining Unicode char U+02C6 (decimal 710)
   defining Unicode char U+02DC (decimal 732)
   defining Unicode char U+200C (decimal 8204)
   defining Unicode char U+2026 (decimal 8230)
   defining Unicode char U+2122 (decimal 8482)
   defining Unicode char U+2423 (decimal 9251)
))
(/usr/local/texlive/2015/texmf-dist/tex/latex/base/fontenc.sty
Package: fontenc 2005/09/27 v1.99g Standard LaTeX package

(/usr/local/texlive/2015/texmf-dist/tex/latex/base/t1enc.def
File: t1enc.def 2005/09/27 v1.99g Standard LaTeX file
LaTeX Font Info:    Redeclaring font encoding T1 on input line 48.
))
(/usr/local/texlive/2015/texmf-dist/tex/latex/amsmath/amsmath.sty
Package: amsmath 2013/01/14 v2.14 AMS math features
\@mathmargin=\skip44

For additional information on amsmath, use the `?' option.
(/usr/local/texlive/2015/texmf-dist/tex/latex/amsmath/amstext.sty
Package: amstext 2000/06/29 v2.01

(/usr/local/texlive/2015/texmf-dist/tex/latex/amsmath/amsgen.sty
File: amsgen.sty 1999/11/30 v2.0
\@emptytoks=\toks17
\ex@=\dimen109
))
(/usr/local/texlive/2015/texmf-dist/tex/latex/amsmath/amsbsy.sty
Package: amsbsy 1999/11/29 v1.2d
\pmbraise@=\dimen110
)
(/usr/local/texlive/2015/texmf-dist/tex/latex/amsmath/amsopn.sty
Package: amsopn 1999/12/14 v2.01 operator names
)
\inf@bad=\count89
LaTeX Info: Redefining \frac on input line 210.
\uproot@=\count90
\leftroot@=\count91
LaTeX Info: Redefining \overline on input line 306.
\classnum@=\count92
\DOTSCASE@=\count93
LaTeX Info: Redefining \ldots on input line 378.
LaTeX Info: Redefining \dots on input line 381.
LaTeX Info: Redefining \cdots on input line 466.
\Mathstrutbox@=\box26
\strutbox@=\box27
\big@size=\dimen111
LaTeX Font Info:    Redeclaring font encoding OML on input line 566.
LaTeX Font Info:    Redeclaring font encoding OMS on input line 567.
\macc@depth=\count94
\c@MaxMatrixCols=\count95
\dotsspace@=\muskip10
\c@parentequation=\count96
\dspbrk@lvl=\count97
\tag@help=\toks18
\row@=\count98
\column@=\count99
\maxfields@=\count100
\andhelp@=\toks19
\eqnshift@=\dimen112
\alignsep@=\dimen113
\tagshift@=\dimen114
\tagwidth@=\dimen115
\totwidth@=\dimen116
\lineht@=\dimen117
\@envbody=\toks20
\multlinegap=\skip45
\multlinetaggap=\skip46
\mathdisplay@stack=\toks21
LaTeX Info: Redefining \[ on input line 2665.
LaTeX Info: Redefining \] on input line 2666.
)
(/usr/local/texlive/2015/texmf-dist/tex/generic/babel/babel.sty
Package: babel 2014/09/25 3.9l The Babel package

(/usr/local/texlive/2015/texmf-dist/tex/generic/babel-french/frenchb.ldf
Language: frenchb 2015/04/10 v3.1e French support from the babel system

(/usr/local/texlive/2015/texmf-dist/tex/generic/babel/babel.def
File: babel.def 2014/09/25 3.9l Babel common definitions
\babel@savecnt=\count101
\U@D=\dimen118
)
\l@acadian = a dialect from \language\l@french 
\l@canadien = a dialect from \language\l@french 
\FBcolonskip=\skip47
\FBthinskip=\skip48
\FB@interchartokenstateORI=\count102
Package babel Info: Making : an active character on input line 371.
Package babel Info: Making ; an active character on input line 372.
Package babel Info: Making ! an active character on input line 373.
Package babel Info: Making ? an active character on input line 374.
\FBguillskip=\skip49
\FBguill@level=\count103
\FB@Mht=\dimen119
\std@mcc=\count104
\dec@mcc=\count105
\listindentFB=\skip50
\labelwidthFB=\skip51
\leftmarginFB=\skip52
\parindentFFN=\dimen120
)
(/usr/local/texlive/2015/texmf-dist/tex/generic/babel-english/english.ldf
Language: english 2012/08/20 v3.3p English support from the babel system
\l@canadian = a dialect from \language\l@american 
\l@australian = a dialect from \language\l@british 
\l@newzealand = a dialect from \language\l@british 
))
(/usr/local/texlive/2015/texmf-dist/tex/latex/carlisle/scalefnt.sty)
(/usr/local/texlive/2015/texmf-dist/tex/latex/amsfonts/amsfonts.sty
Package: amsfonts 2013/01/14 v3.01 Basic AMSFonts support
\symAMSa=\mathgroup4
\symAMSb=\mathgroup5
LaTeX Font Info:    Overwriting math alphabet `\mathfrak' in version `bold'
(Font)                  U/euf/m/n --> U/euf/b/n on input line 106.
)
(/usr/local/texlive/2015/texmf-dist/tex/latex/amsfonts/amssymb.sty
Package: amssymb 2013/01/14 v3.01 AMS font symbols
)
(/usr/local/texlive/2015/texmf-dist/tex/latex/colortbl/colortbl.sty
Package: colortbl 2012/02/13 v1.0a Color table columns (DPC)

(/usr/local/texlive/2015/texmf-dist/tex/latex/tools/array.sty
Package: array 2014/10/28 v2.4c Tabular extension package (FMi)
\col@sep=\dimen121
\extrarowheight=\dimen122
\NC@list=\toks22
\extratabsurround=\skip53
\backup@length=\skip54
)
\everycr=\toks23
\minrowclearance=\skip55
)
(/usr/local/texlive/2015/texmf-dist/tex/latex/xcolor/xcolor.sty
Package: xcolor 2007/01/21 v2.11 LaTeX color extensions (UK)

(/usr/local/texlive/2015/texmf-dist/tex/latex/latexconfig/color.cfg
File: color.cfg 2007/01/18 v1.5 color configuration of teTeX/TeXLive
)
Package xcolor Info: Driver file: pdftex.def on input line 225.
LaTeX Info: Redefining \color on input line 702.
Package xcolor Info: Model `cmy' substituted by `cmy0' on input line 1337.
Package xcolor Info: Model `hsb' substituted by `rgb' on input line 1341.
Package xcolor Info: Model `RGB' extended on input line 1353.
Package xcolor Info: Model `HTML' substituted by `rgb' on input line 1355.
Package xcolor Info: Model `Hsb' substituted by `hsb' on input line 1356.
Package xcolor Info: Model `tHsb' substituted by `hsb' on input line 1357.
Package xcolor Info: Model `HSB' substituted by `hsb' on input line 1358.
Package xcolor Info: Model `Gray' substituted by `gray' on input line 1359.
Package xcolor Info: Model `wave' substituted by `hsb' on input line 1360.

(/usr/local/texlive/2015/texmf-dist/tex/latex/xcolor/svgnam.def
File: svgnam.def 2007/01/21 v2.11 Predefined colors according to SVG 1.1 (UK)
))
(/usr/local/texlive/2015/texmf-dist/tex/latex/pgf/frontendlayer/tikz.sty
(/usr/local/texlive/2015/texmf-dist/tex/latex/pgf/basiclayer/pgf.sty
(/usr/local/texlive/2015/texmf-dist/tex/latex/pgf/utilities/pgfrcs.sty
(/usr/local/texlive/2015/texmf-dist/tex/generic/pgf/utilities/pgfutil-common.te
x
\pgfutil@everybye=\toks24
\pgfutil@tempdima=\dimen123
\pgfutil@tempdimb=\dimen124

(/usr/local/texlive/2015/texmf-dist/tex/generic/pgf/utilities/pgfutil-common-li
sts.tex))
(/usr/local/texlive/2015/texmf-dist/tex/generic/pgf/utilities/pgfutil-latex.def
\pgfutil@abb=\box28
(/usr/local/texlive/2015/texmf-dist/tex/latex/ms/everyshi.sty
Package: everyshi 2001/05/15 v3.00 EveryShipout Package (MS)
))
(/usr/local/texlive/2015/texmf-dist/tex/generic/pgf/utilities/pgfrcs.code.tex
Package: pgfrcs 2013/12/20 v3.0.0 (rcs-revision 1.28)
))
Package: pgf 2013/12/18 v3.0.0 (rcs-revision 1.14)
(/usr/local/texlive/2015/texmf-dist/tex/latex/pgf/basiclayer/pgfcore.sty
(/usr/local/texlive/2015/texmf-dist/tex/latex/pgf/systemlayer/pgfsys.sty
(/usr/local/texlive/2015/texmf-dist/tex/generic/pgf/systemlayer/pgfsys.code.tex
Package: pgfsys 2013/11/30 v3.0.0 (rcs-revision 1.47)
(/usr/local/texlive/2015/texmf-dist/tex/generic/pgf/utilities/pgfkeys.code.tex
\pgfkeys@pathtoks=\toks25
\pgfkeys@temptoks=\toks26

(/usr/local/texlive/2015/texmf-dist/tex/generic/pgf/utilities/pgfkeysfiltered.c
ode.tex
\pgfkeys@tmptoks=\toks27
))
\pgf@x=\dimen125
\pgf@y=\dimen126
\pgf@xa=\dimen127
\pgf@ya=\dimen128
\pgf@xb=\dimen129
\pgf@yb=\dimen130
\pgf@xc=\dimen131
\pgf@yc=\dimen132
\w@pgf@writea=\write3
\r@pgf@reada=\read1
\c@pgf@counta=\count106
\c@pgf@countb=\count107
\c@pgf@countc=\count108
\c@pgf@countd=\count109
\t@pgf@toka=\toks28
\t@pgf@tokb=\toks29
\t@pgf@tokc=\toks30

(/usr/local/texlive/2015/texmf-dist/tex/generic/pgf/systemlayer/pgf.cfg
File: pgf.cfg 2008/05/14  (rcs-revision 1.7)
)
Driver file for pgf: pgfsys-pdftex.def

(/usr/local/texlive/2015/texmf-dist/tex/generic/pgf/systemlayer/pgfsys-pdftex.d
ef
File: pgfsys-pdftex.def 2013/07/18  (rcs-revision 1.33)

(/usr/local/texlive/2015/texmf-dist/tex/generic/pgf/systemlayer/pgfsys-common-p
df.def
File: pgfsys-common-pdf.def 2013/10/10  (rcs-revision 1.13)
)))
(/usr/local/texlive/2015/texmf-dist/tex/generic/pgf/systemlayer/pgfsyssoftpath.
code.tex
File: pgfsyssoftpath.code.tex 2013/09/09  (rcs-revision 1.9)
\pgfsyssoftpath@smallbuffer@items=\count110
\pgfsyssoftpath@bigbuffer@items=\count111
)
(/usr/local/texlive/2015/texmf-dist/tex/generic/pgf/systemlayer/pgfsysprotocol.
code.tex
File: pgfsysprotocol.code.tex 2006/10/16  (rcs-revision 1.4)
))
(/usr/local/texlive/2015/texmf-dist/tex/generic/pgf/basiclayer/pgfcore.code.tex
Package: pgfcore 2010/04/11 v3.0.0 (rcs-revision 1.7)
(/usr/local/texlive/2015/texmf-dist/tex/generic/pgf/math/pgfmath.code.tex
(/usr/local/texlive/2015/texmf-dist/tex/generic/pgf/math/pgfmathcalc.code.tex
(/usr/local/texlive/2015/texmf-dist/tex/generic/pgf/math/pgfmathutil.code.tex)
(/usr/local/texlive/2015/texmf-dist/tex/generic/pgf/math/pgfmathparser.code.tex
\pgfmath@dimen=\dimen133
\pgfmath@count=\count112
\pgfmath@box=\box29
\pgfmath@toks=\toks31
\pgfmath@stack@operand=\toks32
\pgfmath@stack@operation=\toks33
)
(/usr/local/texlive/2015/texmf-dist/tex/generic/pgf/math/pgfmathfunctions.code.
tex
(/usr/local/texlive/2015/texmf-dist/tex/generic/pgf/math/pgfmathfunctions.basic
.code.tex)
(/usr/local/texlive/2015/texmf-dist/tex/generic/pgf/math/pgfmathfunctions.trigo
nometric.code.tex)
(/usr/local/texlive/2015/texmf-dist/tex/generic/pgf/math/pgfmathfunctions.rando
m.code.tex)
(/usr/local/texlive/2015/texmf-dist/tex/generic/pgf/math/pgfmathfunctions.compa
rison.code.tex)
(/usr/local/texlive/2015/texmf-dist/tex/generic/pgf/math/pgfmathfunctions.base.
code.tex)
(/usr/local/texlive/2015/texmf-dist/tex/generic/pgf/math/pgfmathfunctions.round
.code.tex)
(/usr/local/texlive/2015/texmf-dist/tex/generic/pgf/math/pgfmathfunctions.misc.
code.tex)
(/usr/local/texlive/2015/texmf-dist/tex/generic/pgf/math/pgfmathfunctions.integ
erarithmetics.code.tex)))
(/usr/local/texlive/2015/texmf-dist/tex/generic/pgf/math/pgfmathfloat.code.tex
\c@pgfmathroundto@lastzeros=\count113
))
(/usr/local/texlive/2015/texmf-dist/tex/generic/pgf/basiclayer/pgfcorepoints.co
de.tex
File: pgfcorepoints.code.tex 2013/10/07  (rcs-revision 1.27)
\pgf@picminx=\dimen134
\pgf@picmaxx=\dimen135
\pgf@picminy=\dimen136
\pgf@picmaxy=\dimen137
\pgf@pathminx=\dimen138
\pgf@pathmaxx=\dimen139
\pgf@pathminy=\dimen140
\pgf@pathmaxy=\dimen141
\pgf@xx=\dimen142
\pgf@xy=\dimen143
\pgf@yx=\dimen144
\pgf@yy=\dimen145
\pgf@zx=\dimen146
\pgf@zy=\dimen147
)
(/usr/local/texlive/2015/texmf-dist/tex/generic/pgf/basiclayer/pgfcorepathconst
ruct.code.tex
File: pgfcorepathconstruct.code.tex 2013/10/07  (rcs-revision 1.29)
\pgf@path@lastx=\dimen148
\pgf@path@lasty=\dimen149
)
(/usr/local/texlive/2015/texmf-dist/tex/generic/pgf/basiclayer/pgfcorepathusage
.code.tex
File: pgfcorepathusage.code.tex 2013/12/13  (rcs-revision 1.23)
\pgf@shorten@end@additional=\dimen150
\pgf@shorten@start@additional=\dimen151
)
(/usr/local/texlive/2015/texmf-dist/tex/generic/pgf/basiclayer/pgfcorescopes.co
de.tex
File: pgfcorescopes.code.tex 2013/10/09  (rcs-revision 1.44)
\pgfpic=\box30
\pgf@hbox=\box31
\pgf@layerbox@main=\box32
\pgf@picture@serial@count=\count114
)
(/usr/local/texlive/2015/texmf-dist/tex/generic/pgf/basiclayer/pgfcoregraphicst
ate.code.tex
File: pgfcoregraphicstate.code.tex 2013/09/19  (rcs-revision 1.11)
\pgflinewidth=\dimen152
)
(/usr/local/texlive/2015/texmf-dist/tex/generic/pgf/basiclayer/pgfcoretransform
ations.code.tex
File: pgfcoretransformations.code.tex 2013/10/10  (rcs-revision 1.17)
\pgf@pt@x=\dimen153
\pgf@pt@y=\dimen154
\pgf@pt@temp=\dimen155
)
(/usr/local/texlive/2015/texmf-dist/tex/generic/pgf/basiclayer/pgfcorequick.cod
e.tex
File: pgfcorequick.code.tex 2008/10/09  (rcs-revision 1.3)
)
(/usr/local/texlive/2015/texmf-dist/tex/generic/pgf/basiclayer/pgfcoreobjects.c
ode.tex
File: pgfcoreobjects.code.tex 2006/10/11  (rcs-revision 1.2)
)
(/usr/local/texlive/2015/texmf-dist/tex/generic/pgf/basiclayer/pgfcorepathproce
ssing.code.tex
File: pgfcorepathprocessing.code.tex 2013/09/09  (rcs-revision 1.9)
)
(/usr/local/texlive/2015/texmf-dist/tex/generic/pgf/basiclayer/pgfcorearrows.co
de.tex
File: pgfcorearrows.code.tex 2013/11/07  (rcs-revision 1.40)
\pgfarrowsep=\dimen156
)
(/usr/local/texlive/2015/texmf-dist/tex/generic/pgf/basiclayer/pgfcoreshade.cod
e.tex
File: pgfcoreshade.code.tex 2013/07/15  (rcs-revision 1.15)
\pgf@max=\dimen157
\pgf@sys@shading@range@num=\count115
)
(/usr/local/texlive/2015/texmf-dist/tex/generic/pgf/basiclayer/pgfcoreimage.cod
e.tex
File: pgfcoreimage.code.tex 2013/07/15  (rcs-revision 1.18)

(/usr/local/texlive/2015/texmf-dist/tex/generic/pgf/basiclayer/pgfcoreexternal.
code.tex
File: pgfcoreexternal.code.tex 2013/07/15  (rcs-revision 1.20)
\pgfexternal@startupbox=\box33
))
(/usr/local/texlive/2015/texmf-dist/tex/generic/pgf/basiclayer/pgfcorelayers.co
de.tex
File: pgfcorelayers.code.tex 2013/07/18  (rcs-revision 1.7)
)
(/usr/local/texlive/2015/texmf-dist/tex/generic/pgf/basiclayer/pgfcoretranspare
ncy.code.tex
File: pgfcoretransparency.code.tex 2013/09/30  (rcs-revision 1.5)
)
(/usr/local/texlive/2015/texmf-dist/tex/generic/pgf/basiclayer/pgfcorepatterns.
code.tex
File: pgfcorepatterns.code.tex 2013/11/07  (rcs-revision 1.5)
)))
(/usr/local/texlive/2015/texmf-dist/tex/generic/pgf/modules/pgfmoduleshapes.cod
e.tex
File: pgfmoduleshapes.code.tex 2013/10/31  (rcs-revision 1.34)
\pgfnodeparttextbox=\box34
)
(/usr/local/texlive/2015/texmf-dist/tex/generic/pgf/modules/pgfmoduleplot.code.
tex
File: pgfmoduleplot.code.tex 2013/07/31  (rcs-revision 1.12)
)
(/usr/local/texlive/2015/texmf-dist/tex/latex/pgf/compatibility/pgfcomp-version
-0-65.sty
Package: pgfcomp-version-0-65 2007/07/03 v3.0.0 (rcs-revision 1.7)
\pgf@nodesepstart=\dimen158
\pgf@nodesepend=\dimen159
)
(/usr/local/texlive/2015/texmf-dist/tex/latex/pgf/compatibility/pgfcomp-version
-1-18.sty
Package: pgfcomp-version-1-18 2007/07/23 v3.0.0 (rcs-revision 1.1)
))
(/usr/local/texlive/2015/texmf-dist/tex/latex/pgf/utilities/pgffor.sty
(/usr/local/texlive/2015/texmf-dist/tex/latex/pgf/utilities/pgfkeys.sty
(/usr/local/texlive/2015/texmf-dist/tex/generic/pgf/utilities/pgfkeys.code.tex)
) (/usr/local/texlive/2015/texmf-dist/tex/latex/pgf/math/pgfmath.sty
(/usr/local/texlive/2015/texmf-dist/tex/generic/pgf/math/pgfmath.code.tex))
(/usr/local/texlive/2015/texmf-dist/tex/generic/pgf/utilities/pgffor.code.tex
Package: pgffor 2013/12/13 v3.0.0 (rcs-revision 1.25)

(/usr/local/texlive/2015/texmf-dist/tex/generic/pgf/math/pgfmath.code.tex)
\pgffor@iter=\dimen160
\pgffor@skip=\dimen161
\pgffor@stack=\toks34
\pgffor@toks=\toks35
))
(/usr/local/texlive/2015/texmf-dist/tex/generic/pgf/frontendlayer/tikz/tikz.cod
e.tex
Package: tikz 2013/12/13 v3.0.0 (rcs-revision 1.142)

(/usr/local/texlive/2015/texmf-dist/tex/generic/pgf/libraries/pgflibraryplothan
dlers.code.tex
File: pgflibraryplothandlers.code.tex 2013/08/31 v3.0.0 (rcs-revision 1.20)
\pgf@plot@mark@count=\count116
\pgfplotmarksize=\dimen162
)
\tikz@lastx=\dimen163
\tikz@lasty=\dimen164
\tikz@lastxsaved=\dimen165
\tikz@lastysaved=\dimen166
\tikzleveldistance=\dimen167
\tikzsiblingdistance=\dimen168
\tikz@figbox=\box35
\tikz@figbox@bg=\box36
\tikz@tempbox=\box37
\tikz@tempbox@bg=\box38
\tikztreelevel=\count117
\tikznumberofchildren=\count118
\tikznumberofcurrentchild=\count119
\tikz@fig@count=\count120

(/usr/local/texlive/2015/texmf-dist/tex/generic/pgf/modules/pgfmodulematrix.cod
e.tex
File: pgfmodulematrix.code.tex 2013/09/17  (rcs-revision 1.8)
\pgfmatrixcurrentrow=\count121
\pgfmatrixcurrentcolumn=\count122
\pgf@matrix@numberofcolumns=\count123
)
\tikz@expandcount=\count124

(/usr/local/texlive/2015/texmf-dist/tex/generic/pgf/frontendlayer/tikz/librarie
s/tikzlibrarytopaths.code.tex
File: tikzlibrarytopaths.code.tex 2008/06/17 v3.0.0 (rcs-revision 1.2)
)))
(/usr/local/texlive/2015/texmf-dist/tex/latex/fancyvrb/fancyvrb.sty
Package: fancyvrb 2008/02/07

Style option: `fancyvrb' v2.7a, with DG/SPQR fixes, and firstline=lastline fix 
<2008/02/07> (tvz)
\FV@CodeLineNo=\count125
\FV@InFile=\read2
\FV@TabBox=\box39
\c@FancyVerbLine=\count126
\FV@StepNumber=\count127
\FV@OutFile=\write4
)
(/usr/local/texlive/2015/texmf-dist/tex/latex/float/float.sty
Package: float 2001/11/08 v1.3d Float enhancements (AL)
\c@float@type=\count128
\float@exts=\toks36
\float@box=\box40
\@float@everytoks=\toks37
\@floatcapt=\box41
)
(/usr/local/texlive/2015/texmf-dist/tex/latex/xifthen/xifthen.sty
Package: xifthen 2009/04/17 v1.3 Extended ifthen features

(/usr/local/texlive/2015/texmf-dist/tex/latex/etex-pkg/etex.sty
Package: etex 2015/03/02 v2.1 eTeX basic definition package (PEB,DPC)
\et@xins=\count129
)
(/usr/local/texlive/2015/texmf-dist/tex/latex/tools/calc.sty
Package: calc 2014/10/28 v4.3 Infix arithmetic (KKT,FJ)
\calc@Acount=\count130
\calc@Bcount=\count131
\calc@Adimen=\dimen169
\calc@Bdimen=\dimen170
\calc@Askip=\skip56
\calc@Bskip=\skip57
LaTeX Info: Redefining \setlength on input line 80.
LaTeX Info: Redefining \addtolength on input line 81.
\calc@Ccount=\count132
\calc@Cskip=\skip58
)
(/usr/local/texlive/2015/texmf-dist/tex/latex/base/ifthen.sty
Package: ifthen 2014/09/29 v1.1c Standard LaTeX ifthen package (DPC)
)
(/usr/local/texlive/2015/texmf-dist/tex/latex/ifmtarg/ifmtarg.sty
Package: ifmtarg 2009/09/02 v1.2a check for an empty argument
))
(/usr/local/texlive/2015/texmf-dist/tex/latex/multirow/multirow.sty
\bigstrutjot=\dimen171
)
(/usr/local/texlive/2015/texmf-dist/tex/latex/caption/caption.sty
Package: caption 2013/05/02 v3.3-89 Customizing captions (AR)

(/usr/local/texlive/2015/texmf-dist/tex/latex/caption/caption3.sty
Package: caption3 2013/05/02 v1.6-88 caption3 kernel (AR)
Package caption3 Info: TeX engine: e-TeX on input line 57.
\captionmargin=\dimen172
\captionmargin@=\dimen173
\captionwidth=\dimen174
\caption@tempdima=\dimen175
\caption@indent=\dimen176
\caption@parindent=\dimen177
\caption@hangindent=\dimen178
)
\c@ContinuedFloat=\count133
Package caption Info: float package is loaded.
)
(/usr/local/texlive/2015/texmf-dist/tex/latex/booktabs/booktabs.sty
Package: booktabs 2005/04/14 v1.61803 publication quality tables
\heavyrulewidth=\dimen179
\lightrulewidth=\dimen180
\cmidrulewidth=\dimen181
\belowrulesep=\dimen182
\belowbottomsep=\dimen183
\aboverulesep=\dimen184
\abovetopsep=\dimen185
\cmidrulesep=\dimen186
\cmidrulekern=\dimen187
\defaultaddspace=\dimen188
\@cmidla=\count134
\@cmidlb=\count135
\@aboverulesep=\dimen189
\@belowrulesep=\dimen190
\@thisruleclass=\count136
\@lastruleclass=\count137
\@thisrulewidth=\dimen191
)
(/usr/local/texlive/2015/texmf-dist/tex/latex/eurosym/eurosym.sty
Package: eurosym 1998/08/06 v1.1 European currency symbol ``Euro''
\@eurobox=\box42
)
(/usr/local/texlive/2015/texmf-dist/tex/latex/tools/multicol.sty
Package: multicol 2015/03/31 v1.8m multicolumn formatting (FMi)
\c@tracingmulticols=\count138
\mult@box=\box43
\multicol@leftmargin=\dimen192
\c@unbalance=\count139
\c@collectmore=\count140
\doublecol@number=\count141
\multicoltolerance=\count142
\multicolpretolerance=\count143
\full@width=\dimen193
\page@free=\dimen194
\premulticols=\dimen195
\postmulticols=\dimen196
\multicolsep=\skip59
\multicolbaselineskip=\skip60
\partial@page=\box44
\last@line=\box45
\maxbalancingoverflow=\dimen197
\mult@rightbox=\box46
\mult@grightbox=\box47
\mult@gfirstbox=\box48
\mult@firstbox=\box49
\@tempa=\box50
\@tempa=\box51
\@tempa=\box52
\@tempa=\box53
\@tempa=\box54
\@tempa=\box55
\@tempa=\box56
\@tempa=\box57
\@tempa=\box58
\@tempa=\box59
\@tempa=\box60
\@tempa=\box61
\@tempa=\box62
\@tempa=\box63
\@tempa=\box64
\@tempa=\box65
\@tempa=\box66
\c@columnbadness=\count144
\c@finalcolumnbadness=\count145
\last@try=\dimen198
\multicolovershoot=\dimen199
\multicolundershoot=\dimen200
\mult@nat@firstbox=\box67
\colbreak@box=\box68
\mc@col@check@num=\count146
)
(/usr/local/texlive/2015/texmf-dist/tex/latex/placeins/placeins.sty
Package: placeins 2005/04/18  v 2.2
)
(/usr/local/texlive/2015/texmf-dist/tex/latex/psnfss/helvet.sty
Package: helvet 2005/04/12 PSNFSS-v9.2a (WaS) 
)
(/usr/local/texlive/2015/texmf-dist/tex/latex/appendix/appendix.sty
Package: appendix 2009/09/02 v1.2b extra appendix facilities
\c@@pps=\count147
\c@@ppsavesec=\count148
\c@@ppsaveapp=\count149
)
(/usr/local/texlive/2015/texmf-dist/tex/latex/koma-script/scrextend.sty
Package: scrextend 2015/05/06 v3.17a KOMA-Script package (extend other classes 
with features of KOMA-Script classes)

(/usr/local/texlive/2015/texmf-dist/tex/latex/koma-script/scrkbase.sty
Package: scrkbase 2015/05/06 v3.17a KOMA-Script package (KOMA-Script-dependent 
basics and keyval usage)

(/usr/local/texlive/2015/texmf-dist/tex/latex/koma-script/scrbase.sty
Package: scrbase 2015/05/06 v3.17a KOMA-Script package (KOMA-Script-independent
 basics and keyval usage)

(/usr/local/texlive/2015/texmf-dist/tex/latex/koma-script/scrlfile.sty
Package: scrlfile 2015/05/06 v3.17a KOMA-Script package (loading files)

Package scrlfile, 2015/05/06 v3.17a KOMA-Script package (loading files)
                  Copyright (C) Markus Kohm

)))
LaTeX Info: Redefining \textsubscript on input line 1265.
) (/usr/local/texlive/2015/texmf-dist/tex/latex/hyperref/hyperref.sty
Package: hyperref 2012/11/06 v6.83m Hypertext links for LaTeX

(/usr/local/texlive/2015/texmf-dist/tex/generic/oberdiek/hobsub-hyperref.sty
Package: hobsub-hyperref 2012/05/28 v1.13 Bundle oberdiek, subset hyperref (HO)


(/usr/local/texlive/2015/texmf-dist/tex/generic/oberdiek/hobsub-generic.sty
Package: hobsub-generic 2012/05/28 v1.13 Bundle oberdiek, subset generic (HO)
Package: hobsub 2012/05/28 v1.13 Construct package bundles (HO)
Package hobsub Info: Skipping package `infwarerr' (already loaded).
Package hobsub Info: Skipping package `ltxcmds' (already loaded).
Package: ifluatex 2010/03/01 v1.3 Provides the ifluatex switch (HO)
Package ifluatex Info: LuaTeX not detected.
Package: ifvtex 2010/03/01 v1.5 Detect VTeX and its facilities (HO)
Package ifvtex Info: VTeX not detected.
Package: intcalc 2007/09/27 v1.1 Expandable calculations with integers (HO)
Package: ifpdf 2011/01/30 v2.3 Provides the ifpdf switch (HO)
Package ifpdf Info: pdfTeX in PDF mode is detected.
Package: etexcmds 2011/02/16 v1.5 Avoid name clashes with e-TeX commands (HO)
Package etexcmds Info: Could not find \expanded.
(etexcmds)             That can mean that you are not using pdfTeX 1.50 or
(etexcmds)             that some package has redefined \expanded.
(etexcmds)             In the latter case, load this package earlier.
Package: kvsetkeys 2012/04/25 v1.16 Key value parser (HO)
Package: kvdefinekeys 2011/04/07 v1.3 Define keys (HO)
Package: pdftexcmds 2011/11/29 v0.20 Utility functions of pdfTeX for LuaTeX (HO
)
Package pdftexcmds Info: LuaTeX not detected.
Package pdftexcmds Info: \pdf@primitive is available.
Package pdftexcmds Info: \pdf@ifprimitive is available.
Package pdftexcmds Info: \pdfdraftmode found.
Package: pdfescape 2011/11/25 v1.13 Implements pdfTeX's escape features (HO)
Package: bigintcalc 2012/04/08 v1.3 Expandable calculations on big integers (HO
)
Package: bitset 2011/01/30 v1.1 Handle bit-vector datatype (HO)
Package: uniquecounter 2011/01/30 v1.2 Provide unlimited unique counter (HO)
)
Package hobsub Info: Skipping package `hobsub' (already loaded).
Package: letltxmacro 2010/09/02 v1.4 Let assignment for LaTeX macros (HO)
Package: hopatch 2012/05/28 v1.2 Wrapper for package hooks (HO)
Package: xcolor-patch 2011/01/30 xcolor patch
Package: atveryend 2011/06/30 v1.8 Hooks at the very end of document (HO)
Package atveryend Info: \enddocument detected (standard20110627).
Package: atbegshi 2011/10/05 v1.16 At begin shipout hook (HO)
Package: refcount 2011/10/16 v3.4 Data extraction from label references (HO)
Package: hycolor 2011/01/30 v1.7 Color options for hyperref/bookmark (HO)
)
(/usr/local/texlive/2015/texmf-dist/tex/generic/ifxetex/ifxetex.sty
Package: ifxetex 2010/09/12 v0.6 Provides ifxetex conditional
)
(/usr/local/texlive/2015/texmf-dist/tex/latex/oberdiek/auxhook.sty
Package: auxhook 2011/03/04 v1.3 Hooks for auxiliary files (HO)
)
(/usr/local/texlive/2015/texmf-dist/tex/latex/oberdiek/kvoptions.sty
Package: kvoptions 2011/06/30 v3.11 Key value format for package options (HO)
)
\@linkdim=\dimen201
\Hy@linkcounter=\count150
\Hy@pagecounter=\count151

(/usr/local/texlive/2015/texmf-dist/tex/latex/hyperref/pd1enc.def
File: pd1enc.def 2012/11/06 v6.83m Hyperref: PDFDocEncoding definition (HO)
Now handling font encoding PD1 ...
... no UTF-8 mapping file for font encoding PD1
)
\Hy@SavedSpaceFactor=\count152

(/usr/local/texlive/2015/texmf-dist/tex/latex/latexconfig/hyperref.cfg
File: hyperref.cfg 2002/06/06 v1.2 hyperref configuration of TeXLive
)
Package hyperref Info: Hyper figures OFF on input line 4443.
Package hyperref Info: Link nesting OFF on input line 4448.
Package hyperref Info: Hyper index ON on input line 4451.
Package hyperref Info: Plain pages OFF on input line 4458.
Package hyperref Info: Backreferencing OFF on input line 4463.
Package hyperref Info: Implicit mode ON; LaTeX internals redefined.
Package hyperref Info: Bookmarks ON on input line 4688.
\c@Hy@tempcnt=\count153

(/usr/local/texlive/2015/texmf-dist/tex/latex/url/url.sty
\Urlmuskip=\muskip11
Package: url 2013/09/16  ver 3.4  Verb mode for urls, etc.
)
LaTeX Info: Redefining \url on input line 5041.
\XeTeXLinkMargin=\dimen202
\Fld@menulength=\count154
\Field@Width=\dimen203
\Fld@charsize=\dimen204
Package hyperref Info: Hyper figures OFF on input line 6295.
Package hyperref Info: Link nesting OFF on input line 6300.
Package hyperref Info: Hyper index ON on input line 6303.
Package hyperref Info: backreferencing OFF on input line 6310.
Package hyperref Info: Link coloring OFF on input line 6315.
Package hyperref Info: Link coloring with OCG OFF on input line 6320.
Package hyperref Info: PDF/A mode OFF on input line 6325.
LaTeX Info: Redefining \ref on input line 6365.
LaTeX Info: Redefining \pageref on input line 6369.
\Hy@abspage=\count155
\c@Item=\count156
\c@Hfootnote=\count157
)

Package hyperref Message: Driver (autodetected): hpdftex.

(/usr/local/texlive/2015/texmf-dist/tex/latex/hyperref/hpdftex.def
File: hpdftex.def 2012/11/06 v6.83m Hyperref driver for pdfTeX
\Fld@listcount=\count158
\c@bookmark@seq@number=\count159

(/usr/local/texlive/2015/texmf-dist/tex/latex/oberdiek/rerunfilecheck.sty
Package: rerunfilecheck 2011/04/15 v1.7 Rerun checks for auxiliary files (HO)
Package uniquecounter Info: New unique counter `rerunfilecheck' on input line 2
82.
)
\Hy@SectionHShift=\skip61
)
(/usr/local/texlive/2015/texmf-dist/tex/latex/base/fix-cm.sty
Package: fix-cm 2015/01/14 v1.1t fixes to LaTeX

(/usr/local/texlive/2015/texmf-dist/tex/latex/base/ts1enc.def
File: ts1enc.def 2001/06/05 v3.0e (jk/car/fm) Standard LaTeX file
Now handling font encoding TS1 ...
... processing UTF-8 mapping file for font encoding TS1

(/usr/local/texlive/2015/texmf-dist/tex/latex/base/ts1enc.dfu
File: ts1enc.dfu 2014/09/29 v1.1m UTF-8 support for inputenc
   defining Unicode char U+00A2 (decimal 162)
   defining Unicode char U+00A3 (decimal 163)
   defining Unicode char U+00A4 (decimal 164)
   defining Unicode char U+00A5 (decimal 165)
   defining Unicode char U+00A6 (decimal 166)
   defining Unicode char U+00A7 (decimal 167)
   defining Unicode char U+00A8 (decimal 168)
   defining Unicode char U+00A9 (decimal 169)
   defining Unicode char U+00AA (decimal 170)
   defining Unicode char U+00AC (decimal 172)
   defining Unicode char U+00AE (decimal 174)
   defining Unicode char U+00AF (decimal 175)
   defining Unicode char U+00B0 (decimal 176)
   defining Unicode char U+00B1 (decimal 177)
   defining Unicode char U+00B2 (decimal 178)
   defining Unicode char U+00B3 (decimal 179)
   defining Unicode char U+00B4 (decimal 180)
   defining Unicode char U+00B5 (decimal 181)
   defining Unicode char U+00B6 (decimal 182)
   defining Unicode char U+00B7 (decimal 183)
   defining Unicode char U+00B9 (decimal 185)
   defining Unicode char U+00BA (decimal 186)
   defining Unicode char U+00BC (decimal 188)
   defining Unicode char U+00BD (decimal 189)
   defining Unicode char U+00BE (decimal 190)
   defining Unicode char U+00D7 (decimal 215)
   defining Unicode char U+00F7 (decimal 247)
   defining Unicode char U+0192 (decimal 402)
   defining Unicode char U+02C7 (decimal 711)
   defining Unicode char U+02D8 (decimal 728)
   defining Unicode char U+02DD (decimal 733)
   defining Unicode char U+0E3F (decimal 3647)
   defining Unicode char U+2016 (decimal 8214)
   defining Unicode char U+2020 (decimal 8224)
   defining Unicode char U+2021 (decimal 8225)
   defining Unicode char U+2022 (decimal 8226)
   defining Unicode char U+2030 (decimal 8240)
   defining Unicode char U+2031 (decimal 8241)
   defining Unicode char U+203B (decimal 8251)
   defining Unicode char U+203D (decimal 8253)
   defining Unicode char U+2044 (decimal 8260)
   defining Unicode char U+204E (decimal 8270)
   defining Unicode char U+2052 (decimal 8274)
   defining Unicode char U+20A1 (decimal 8353)
   defining Unicode char U+20A4 (decimal 8356)
   defining Unicode char U+20A6 (decimal 8358)
   defining Unicode char U+20A9 (decimal 8361)
   defining Unicode char U+20AB (decimal 8363)
   defining Unicode char U+20AC (decimal 8364)
   defining Unicode char U+20B1 (decimal 8369)
   defining Unicode char U+2103 (decimal 8451)
   defining Unicode char U+2116 (decimal 8470)
   defining Unicode char U+2117 (decimal 8471)
   defining Unicode char U+211E (decimal 8478)
   defining Unicode char U+2120 (decimal 8480)
   defining Unicode char U+2122 (decimal 8482)
   defining Unicode char U+2126 (decimal 8486)
   defining Unicode char U+2127 (decimal 8487)
   defining Unicode char U+212E (decimal 8494)
   defining Unicode char U+2190 (decimal 8592)
   defining Unicode char U+2191 (decimal 8593)
   defining Unicode char U+2192 (decimal 8594)
   defining Unicode char U+2193 (decimal 8595)
   defining Unicode char U+2329 (decimal 9001)
   defining Unicode char U+232A (decimal 9002)
   defining Unicode char U+2422 (decimal 9250)
   defining Unicode char U+25E6 (decimal 9702)
   defining Unicode char U+25EF (decimal 9711)
   defining Unicode char U+266A (decimal 9834)
)))
(/usr/local/texlive/2015/texmf-dist/tex/latex/tools/tabularx.sty
Package: tabularx 2014/10/28 v2.10 `tabularx' package (DPC)
\TX@col@width=\dimen205
\TX@old@table=\dimen206
\TX@old@col=\dimen207
\TX@target=\dimen208
\TX@delta=\dimen209
\TX@cols=\count160
\TX@ftn=\toks38
)
(/usr/local/texlive/2015/texmf-dist/tex/latex/enumitem/enumitem.sty
Package: enumitem 2011/09/28 v3.5.2 Customized lists
\labelindent=\skip62
\enit@outerparindent=\dimen210
\enit@toks=\toks39
\enit@inbox=\box69
\enitdp@description=\count161
)
(/usr/local/texlive/2015/texmf-dist/tex/latex/oberdiek/grffile.sty
Package: grffile 2012/04/05 v1.16 Extended file name support for graphics (HO)
Package grffile Info: Option `multidot' is set to `true'.
Package grffile Info: Option `extendedchars' is set to `false'.
Package grffile Info: Option `space' is set to `true'.
Package grffile Info: \Gin@ii of package `graphicx' fixed on input line 486.
)
(/usr/local/texlive/2015/texmf-dist/tex/latex/caption/subcaption.sty
Package: subcaption 2013/02/03 v1.1-62 Sub-captions (AR)
\c@subfigure=\count162
\c@subtable=\count163
)
(/usr/local/texlive/2015/texmf-dist/tex/latex/titlesec/titlesec.sty
Package: titlesec 2011/12/15 v2.10.0 Sectioning titles
\ttl@box=\box70
\beforetitleunit=\skip63
\aftertitleunit=\skip64
\ttl@plus=\dimen211
\ttl@minus=\dimen212
\ttl@toksa=\toks40
\titlewidth=\dimen213
\titlewidthlast=\dimen214
\titlewidthfirst=\dimen215
)
(/usr/local/texlive/2015/texmf-dist/tex/latex/pdfpages/pdfpages.sty
Package: pdfpages 2015/05/11 v0.4x Insert pages of external PDF documents (AM)

(/usr/local/texlive/2015/texmf-dist/tex/latex/eso-pic/eso-pic.sty
Package: eso-pic 2015/04/20 v2.0e eso-pic (RN)
)
\AM@pagewidth=\dimen216
\AM@pageheight=\dimen217

(/usr/local/texlive/2015/texmf-dist/tex/latex/pdfpages/pppdftex.def
File: pppdftex.def 2015/05/11 v0.4x Pdfpages driver for pdfTeX (AM)
)
\AM@pagebox=\box71
\AM@toc@title=\toks41
\c@AM@survey=\count164
\AM@templatesizebox=\box72
)
(/usr/local/texlive/2015/texmf-dist/tex/latex/oberdiek/pdflscape.sty
Package: pdflscape 2008/08/11 v0.10 Display of landscape pages in PDF (HO)

(/usr/local/texlive/2015/texmf-dist/tex/latex/graphics/lscape.sty
Package: lscape 2000/10/22 v3.01 Landscape Pages (DPC)
)
Package pdflscape Info: Auto-detected driver: pdftex on input line 80.
)
(/usr/local/texlive/2015/texmf-dist/tex/latex/chngcntr/chngcntr.sty
Package: chngcntr 2009/09/02 v1.0a change counter resetting
)
(/usr/local/texlive/2015/texmf-dist/tex/latex/numprint/numprint.sty
Package: numprint 2012/08/20 v1.39 Print numbers (HH)
\c@nprt@mantissa@digitsbefore=\count165
\c@nprt@mantissa@digitsafter=\count166
\c@nprt@exponent@digitsbefore=\count167
\c@nprt@exponent@digitsafter=\count168
\nprt@digitwidth=\skip65
\nprt@sepwidth=\skip66
\nprt@decimalwidth=\skip67
\nprt@blockwidth=\skip68
\nprt@digittoks=\toks42
\nprt@pretoks=\toks43
\nprt@posttoks=\toks44
\nprt@thisdigit=\count169
\nprt@curpos=\count170
\nprt@rndpos=\count171
\c@nprt@digitsfirstblock=\count172
\c@nprt@blockcnt=\count173
\c@nprt@cntprint=\count174

No configuration file `numprint.cfg' found.)
(/usr/local/texlive/2015/texmf-dist/tex/latex/geometry/geometry.sty
Package: geometry 2010/09/12 v5.6 Page Geometry
\Gm@cnth=\count175
\Gm@cntv=\count176
\c@Gm@tempcnt=\count177
\Gm@bindingoffset=\dimen218
\Gm@wd@mp=\dimen219
\Gm@odd@mp=\dimen220
\Gm@even@mp=\dimen221
\Gm@layoutwidth=\dimen222
\Gm@layoutheight=\dimen223
\Gm@layouthoffset=\dimen224
\Gm@layoutvoffset=\dimen225
\Gm@dimlist=\toks45
)
(/usr/local/texlive/2015/texmf-dist/tex/latex/titlesec/frame.tss
File: frame.tss 2011/12/15
)
(/usr/local/texlive/2015/texmf-dist/tex/latex/upquote/upquote.sty
Package: upquote 2012/04/19 v1.3 upright-quote and grave-accent glyphs in verba
tim

(/usr/local/texlive/2015/texmf-dist/tex/latex/base/textcomp.sty
Package: textcomp 2005/09/27 v1.99g Standard LaTeX package
Package textcomp Info: Sub-encoding information:
(textcomp)               5 = only ISO-Adobe without \textcurrency
(textcomp)               4 = 5 + \texteuro
(textcomp)               3 = 4 + \textohm
(textcomp)               2 = 3 + \textestimated + \textcurrency
(textcomp)               1 = TS1 - \textcircled - \t
(textcomp)               0 = TS1 (full)
(textcomp)             Font families with sub-encoding setting implement
(textcomp)             only a restricted character set as indicated.
(textcomp)             Family '?' is the default used for unknown fonts.
(textcomp)             See the documentation for details.
Package textcomp Info: Setting ? sub-encoding to TS1/1 on input line 79.

(/usr/local/texlive/2015/texmf-dist/tex/latex/base/ts1enc.def
File: ts1enc.def 2001/06/05 v3.0e (jk/car/fm) Standard LaTeX file
LaTeX Font Info:    Redeclaring font encoding TS1 on input line 47.
)
LaTeX Info: Redefining \oldstylenums on input line 334.
Package textcomp Info: Setting cmr sub-encoding to TS1/0 on input line 349.
Package textcomp Info: Setting cmss sub-encoding to TS1/0 on input line 350.
Package textcomp Info: Setting cmtt sub-encoding to TS1/0 on input line 351.
Package textcomp Info: Setting cmvtt sub-encoding to TS1/0 on input line 352.
Package textcomp Info: Setting cmbr sub-encoding to TS1/0 on input line 353.
Package textcomp Info: Setting cmtl sub-encoding to TS1/0 on input line 354.
Package textcomp Info: Setting ccr sub-encoding to TS1/0 on input line 355.
Package textcomp Info: Setting ptm sub-encoding to TS1/4 on input line 356.
Package textcomp Info: Setting pcr sub-encoding to TS1/4 on input line 357.
Package textcomp Info: Setting phv sub-encoding to TS1/4 on input line 358.
Package textcomp Info: Setting ppl sub-encoding to TS1/3 on input line 359.
Package textcomp Info: Setting pag sub-encoding to TS1/4 on input line 360.
Package textcomp Info: Setting pbk sub-encoding to TS1/4 on input line 361.
Package textcomp Info: Setting pnc sub-encoding to TS1/4 on input line 362.
Package textcomp Info: Setting pzc sub-encoding to TS1/4 on input line 363.
Package textcomp Info: Setting bch sub-encoding to TS1/4 on input line 364.
Package textcomp Info: Setting put sub-encoding to TS1/5 on input line 365.
Package textcomp Info: Setting uag sub-encoding to TS1/5 on input line 366.
Package textcomp Info: Setting ugq sub-encoding to TS1/5 on input line 367.
Package textcomp Info: Setting ul8 sub-encoding to TS1/4 on input line 368.
Package textcomp Info: Setting ul9 sub-encoding to TS1/4 on input line 369.
Package textcomp Info: Setting augie sub-encoding to TS1/5 on input line 370.
Package textcomp Info: Setting dayrom sub-encoding to TS1/3 on input line 371.
Package textcomp Info: Setting dayroms sub-encoding to TS1/3 on input line 372.

Package textcomp Info: Setting pxr sub-encoding to TS1/0 on input line 373.
Package textcomp Info: Setting pxss sub-encoding to TS1/0 on input line 374.
Package textcomp Info: Setting pxtt sub-encoding to TS1/0 on input line 375.
Package textcomp Info: Setting txr sub-encoding to TS1/0 on input line 376.
Package textcomp Info: Setting txss sub-encoding to TS1/0 on input line 377.
Package textcomp Info: Setting txtt sub-encoding to TS1/0 on input line 378.
Package textcomp Info: Setting lmr sub-encoding to TS1/0 on input line 379.
Package textcomp Info: Setting lmdh sub-encoding to TS1/0 on input line 380.
Package textcomp Info: Setting lmss sub-encoding to TS1/0 on input line 381.
Package textcomp Info: Setting lmssq sub-encoding to TS1/0 on input line 382.
Package textcomp Info: Setting lmvtt sub-encoding to TS1/0 on input line 383.
Package textcomp Info: Setting lmtt sub-encoding to TS1/0 on input line 384.
Package textcomp Info: Setting qhv sub-encoding to TS1/0 on input line 385.
Package textcomp Info: Setting qag sub-encoding to TS1/0 on input line 386.
Package textcomp Info: Setting qbk sub-encoding to TS1/0 on input line 387.
Package textcomp Info: Setting qcr sub-encoding to TS1/0 on input line 388.
Package textcomp Info: Setting qcs sub-encoding to TS1/0 on input line 389.
Package textcomp Info: Setting qpl sub-encoding to TS1/0 on input line 390.
Package textcomp Info: Setting qtm sub-encoding to TS1/0 on input line 391.
Package textcomp Info: Setting qzc sub-encoding to TS1/0 on input line 392.
Package textcomp Info: Setting qhvc sub-encoding to TS1/0 on input line 393.
Package textcomp Info: Setting futs sub-encoding to TS1/4 on input line 394.
Package textcomp Info: Setting futx sub-encoding to TS1/4 on input line 395.
Package textcomp Info: Setting futj sub-encoding to TS1/4 on input line 396.
Package textcomp Info: Setting hlh sub-encoding to TS1/3 on input line 397.
Package textcomp Info: Setting hls sub-encoding to TS1/3 on input line 398.
Package textcomp Info: Setting hlst sub-encoding to TS1/3 on input line 399.
Package textcomp Info: Setting hlct sub-encoding to TS1/5 on input line 400.
Package textcomp Info: Setting hlx sub-encoding to TS1/5 on input line 401.
Package textcomp Info: Setting hlce sub-encoding to TS1/5 on input line 402.
Package textcomp Info: Setting hlcn sub-encoding to TS1/5 on input line 403.
Package textcomp Info: Setting hlcw sub-encoding to TS1/5 on input line 404.
Package textcomp Info: Setting hlcf sub-encoding to TS1/5 on input line 405.
Package textcomp Info: Setting pplx sub-encoding to TS1/3 on input line 406.
Package textcomp Info: Setting pplj sub-encoding to TS1/3 on input line 407.
Package textcomp Info: Setting ptmx sub-encoding to TS1/4 on input line 408.
Package textcomp Info: Setting ptmj sub-encoding to TS1/4 on input line 409.
))
(./CR_Martelages.aux)
\openout1 = `CR_Martelages.aux'.

LaTeX Font Info:    Checking defaults for OML/cmm/m/it on input line 220.
LaTeX Font Info:    ... okay on input line 220.
LaTeX Font Info:    Checking defaults for T1/cmr/m/n on input line 220.
LaTeX Font Info:    ... okay on input line 220.
LaTeX Font Info:    Checking defaults for OT1/cmr/m/n on input line 220.
LaTeX Font Info:    ... okay on input line 220.
LaTeX Font Info:    Checking defaults for OMS/cmsy/m/n on input line 220.
LaTeX Font Info:    ... okay on input line 220.
LaTeX Font Info:    Checking defaults for OMX/cmex/m/n on input line 220.
LaTeX Font Info:    ... okay on input line 220.
LaTeX Font Info:    Checking defaults for U/cmr/m/n on input line 220.
LaTeX Font Info:    ... okay on input line 220.
LaTeX Font Info:    Checking defaults for PD1/pdf/m/n on input line 220.
LaTeX Font Info:    ... okay on input line 220.
LaTeX Font Info:    Checking defaults for TS1/cmr/m/n on input line 220.
LaTeX Font Info:    ... okay on input line 220.
LaTeX Font Info:    Try loading font information for T1+phv on input line 220.

(/usr/local/texlive/2015/texmf-dist/tex/latex/psnfss/t1phv.fd
File: t1phv.fd 2001/06/04 scalable font definitions for T1/phv.
)
(/usr/local/texlive/2015/texmf-dist/tex/context/base/supp-pdf.mkii
[Loading MPS to PDF converter (version 2006.09.02).]
\scratchcounter=\count178
\scratchdimen=\dimen226
\scratchbox=\box73
\nofMPsegments=\count179
\nofMParguments=\count180
\everyMPshowfont=\toks46
\MPscratchCnt=\count181
\MPscratchDim=\dimen227
\MPnumerator=\count182
\makeMPintoPDFobject=\count183
\everyMPtoPDFconversion=\toks47
) (/usr/local/texlive/2015/texmf-dist/tex/latex/oberdiek/epstopdf-base.sty
Package: epstopdf-base 2010/02/09 v2.5 Base part for package epstopdf

(/usr/local/texlive/2015/texmf-dist/tex/latex/oberdiek/grfext.sty
Package: grfext 2010/08/19 v1.1 Manage graphics extensions (HO)
)
Package grfext Info: Graphics extension search list:
(grfext)             [.png,.pdf,.jpg,.mps,.jpeg,.jbig2,.jb2,.PNG,.PDF,.JPG,.JPE
G,.JBIG2,.JB2,.eps]
(grfext)             \AppendGraphicsExtensions on input line 452.

(/usr/local/texlive/2015/texmf-dist/tex/latex/latexconfig/epstopdf-sys.cfg
File: epstopdf-sys.cfg 2010/07/13 v1.3 Configuration of (r)epstopdf for TeX Liv
e
))
LaTeX Info: Redefining \degres on input line 220.
LaTeX Info: Redefining \dots on input line 220.
LaTeX Info: Redefining \up on input line 220.

ABD: EveryShipout initializing macros
Package caption Info: Begin \AtBeginDocument code.
Package caption Info: hyperref package is loaded.
Package caption Info: End \AtBeginDocument code.
\AtBeginShipoutBox=\box74
Package hyperref Info: Link coloring OFF on input line 220.

(/usr/local/texlive/2015/texmf-dist/tex/latex/hyperref/nameref.sty
Package: nameref 2012/10/27 v2.43 Cross-referencing by name of section

(/usr/local/texlive/2015/texmf-dist/tex/generic/oberdiek/gettitlestring.sty
Package: gettitlestring 2010/12/03 v1.4 Cleanup title references (HO)
)
\c@section@level=\count184
)
LaTeX Info: Redefining \ref on input line 220.
LaTeX Info: Redefining \pageref on input line 220.
LaTeX Info: Redefining \nameref on input line 220.

(./CR_Martelages.out) (./CR_Martelages.out)
\@outlinefile=\write5
\openout5 = `CR_Martelages.out'.


*geometry* driver: auto-detecting
*geometry* detected driver: pdftex
*geometry* verbose mode - [ preamble ] result:
* driver: pdftex
* paper: a4paper
* layout: <same size as paper>
* layoutoffset:(h,v)=(0.0pt,0.0pt)
* modes: twoside 
* h-part:(L,W,R)=(42.67912pt, 512.14963pt, 42.67912pt)
* v-part:(T,H,B)=(42.67912pt, 759.6886pt, 42.67912pt)
* \paperwidth=597.50787pt
* \paperheight=845.04684pt
* \textwidth=512.14963pt
* \textheight=759.6886pt
* \oddsidemargin=-29.59087pt
* \evensidemargin=-29.59087pt
* \topmargin=-59.65836pt
* \headheight=12.0pt
* \headsep=18.06749pt
* \topskip=10.0pt
* \footskip=25.29494pt
* \marginparwidth=115.0pt
* \marginparsep=7.0pt
* \columnsep=28.45274pt
* \skip\footins=9.0pt plus 4.0pt minus 2.0pt
* \hoffset=0.0pt
* \voffset=0.0pt
* \mag=1000
* \@twocolumnfalse
* \@twosidetrue
* \@mparswitchtrue
* \@reversemarginfalse
* (1in=72.27pt=25.4mm, 1cm=28.453pt)


Package array Warning: Column N is already defined on input line 228.

LaTeX Font Info:    Font shape `T1/phv/bx/n' in size <10> not available
(Font)              Font shape `T1/phv/b/n' tried instead on input line 243.
LaTeX Font Info:    Font shape `T1/phv/bx/n' in size <14.4> not available
(Font)              Font shape `T1/phv/b/n' tried instead on input line 243.
LaTeX Font Info:    Try loading font information for U+msa on input line 243.
(/usr/local/texlive/2015/texmf-dist/tex/latex/amsfonts/umsa.fd
File: umsa.fd 2013/01/14 v3.01 AMS symbols A
)
LaTeX Font Info:    Try loading font information for U+msb on input line 243.

(/usr/local/texlive/2015/texmf-dist/tex/latex/amsfonts/umsb.fd
File: umsb.fd 2013/01/14 v3.01 AMS symbols B
)
Overfull \hbox (12.35977pt too wide) in paragraph at lines 235--248
[] 
 []


Underfull \hbox (badness 10000) in paragraph at lines 235--248

 []

LaTeX Font Info:    Font shape `T1/phv/bx/n' in size <12> not available
(Font)              Font shape `T1/phv/b/n' tried instead on input line 248.

Underfull \hbox (badness 7759) in paragraph at lines 248--248
[]$ \T1/phv/m/n/10 quelques belles grumes de
 []


Underfull \hbox (badness 10000) in paragraph at lines 248--248

 []


Underfull \hbox (badness 10000) in paragraph at lines 253--255

 []


</Users/Valentin/Travail/Outils/Cartographie/dossiers/Bugnot/ASLGF/out/cartes/r
etour_martelage/plans/CR_martelage_lot_1.jpg, id=7, 597.432pt x 421.0932pt>
File: /Users/Valentin/Travail/Outils/Cartographie/dossiers/Bugnot/ASLGF/out/car
tes/retour_martelage/plans/CR_martelage_lot_1.jpg Graphic file (type jpg)

<use /Users/Valentin/Travail/Outils/Cartographie/dossiers/Bugnot/ASLGF/out/cart
es/retour_martelage/plans/CR_martelage_lot_1.jpg>
Package pdftex.def Info: /Users/Valentin/Travail/Outils/Cartographie/dossiers/B
ugnot/ASLGF/out/cartes/retour_martelage/plans/CR_martelage_lot_1.jpg used on in
put line 256.
(pdftex.def)             Requested size: 512.14963pt x 361.01508pt.
 [1

{/usr/local/texlive/2015/texmf-var/fonts/map/pdftex/updmap/pdftex.map} </Users/
Valentin/Travail/Outils/Cartographie/dossiers/Bugnot/ASLGF/out/cartes/retour_ma
rtelage/plans/CR_martelage_lot_1.jpg>]
Overfull \hbox (12.35977pt too wide) in paragraph at lines 257--270
[] 
 []


Underfull \hbox (badness 10000) in paragraph at lines 257--270

 []


Underfull \hbox (badness 10000) in paragraph at lines 270--270

 []


Underfull \hbox (badness 10000) in paragraph at lines 275--275

 []


</Users/Valentin/Travail/Outils/Cartographie/dossiers/Bugnot/ASLGF/out/cartes/r
etour_martelage/plans/CR_martelage_lot_2.jpg, id=15, 597.432pt x 421.0932pt>
File: /Users/Valentin/Travail/Outils/Cartographie/dossiers/Bugnot/ASLGF/out/car
tes/retour_martelage/plans/CR_martelage_lot_2.jpg Graphic file (type jpg)

<use /Users/Valentin/Travail/Outils/Cartographie/dossiers/Bugnot/ASLGF/out/cart
es/retour_martelage/plans/CR_martelage_lot_2.jpg>
Package pdftex.def Info: /Users/Valentin/Travail/Outils/Cartographie/dossiers/B
ugnot/ASLGF/out/cartes/retour_martelage/plans/CR_martelage_lot_2.jpg used on in
put line 276.
(pdftex.def)             Requested size: 512.14963pt x 361.01508pt.
 [2 </Users/Valentin/Travail/Outils/Cartographie/dossiers/Bugnot/ASLGF/out/cart
es/retour_martelage/plans/CR_martelage_lot_2.jpg>]
Overfull \hbox (12.35977pt too wide) in paragraph at lines 277--290
[] 
 []


Underfull \hbox (badness 10000) in paragraph at lines 277--290

 []


Underfull \hbox (badness 10000) in paragraph at lines 290--292

 []


</Users/Valentin/Travail/Outils/Cartographie/dossiers/Bugnot/ASLGF/out/cartes/r
etour_martelage/plans/CR_martelage_lot_3.jpg, id=20, 597.432pt x 421.0932pt>
File: /Users/Valentin/Travail/Outils/Cartographie/dossiers/Bugnot/ASLGF/out/car
tes/retour_martelage/plans/CR_martelage_lot_3.jpg Graphic file (type jpg)

<use /Users/Valentin/Travail/Outils/Cartographie/dossiers/Bugnot/ASLGF/out/cart
es/retour_martelage/plans/CR_martelage_lot_3.jpg>
Package pdftex.def Info: /Users/Valentin/Travail/Outils/Cartographie/dossiers/B
ugnot/ASLGF/out/cartes/retour_martelage/plans/CR_martelage_lot_3.jpg used on in
put line 293.
(pdftex.def)             Requested size: 512.14963pt x 361.01508pt.
 [3 </Users/Valentin/Travail/Outils/Cartographie/dossiers/Bugnot/ASLGF/out/cart
es/retour_martelage/plans/CR_martelage_lot_3.jpg>]
Overfull \hbox (12.35977pt too wide) in paragraph at lines 294--307
[] 
 []


Underfull \hbox (badness 10000) in paragraph at lines 294--307

 []


Underfull \hbox (badness 10000) in paragraph at lines 307--307

 []


</Users/Valentin/Travail/Outils/Cartographie/dossiers/Bugnot/ASLGF/out/cartes/r
etour_martelage/plans/CR_martelage_lot_4.jpg, id=25, 597.432pt x 421.0932pt>
File: /Users/Valentin/Travail/Outils/Cartographie/dossiers/Bugnot/ASLGF/out/car
tes/retour_martelage/plans/CR_martelage_lot_4.jpg Graphic file (type jpg)

<use /Users/Valentin/Travail/Outils/Cartographie/dossiers/Bugnot/ASLGF/out/cart
es/retour_martelage/plans/CR_martelage_lot_4.jpg>
Package pdftex.def Info: /Users/Valentin/Travail/Outils/Cartographie/dossiers/B
ugnot/ASLGF/out/cartes/retour_martelage/plans/CR_martelage_lot_4.jpg used on in
put line 308.
(pdftex.def)             Requested size: 512.14963pt x 361.01508pt.
 [4 </Users/Valentin/Travail/Outils/Cartographie/dossiers/Bugnot/ASLGF/out/cart
es/retour_martelage/plans/CR_martelage_lot_4.jpg>]
Overfull \hbox (12.35977pt too wide) in paragraph at lines 309--322
[] 
 []


Underfull \hbox (badness 10000) in paragraph at lines 309--322

 []


Underfull \hbox (badness 10000) in paragraph at lines 322--328

 []


Underfull \hbox (badness 10000) in paragraph at lines 333--333

 []


</Users/Valentin/Travail/Outils/Cartographie/dossiers/Bugnot/ASLGF/out/cartes/r
etour_martelage/plans/CR_martelage_lot_5.jpg, id=30, 597.432pt x 421.0932pt>
File: /Users/Valentin/Travail/Outils/Cartographie/dossiers/Bugnot/ASLGF/out/car
tes/retour_martelage/plans/CR_martelage_lot_5.jpg Graphic file (type jpg)

<use /Users/Valentin/Travail/Outils/Cartographie/dossiers/Bugnot/ASLGF/out/cart
es/retour_martelage/plans/CR_martelage_lot_5.jpg>
Package pdftex.def Info: /Users/Valentin/Travail/Outils/Cartographie/dossiers/B
ugnot/ASLGF/out/cartes/retour_martelage/plans/CR_martelage_lot_5.jpg used on in
put line 334.
(pdftex.def)             Requested size: 512.14963pt x 361.01508pt.
 [5 </Users/Valentin/Travail/Outils/Cartographie/dossiers/Bugnot/ASLGF/out/cart
es/retour_martelage/plans/CR_martelage_lot_5.jpg>]
Overfull \hbox (12.35977pt too wide) in paragraph at lines 335--348
[] 
 []


Underfull \hbox (badness 10000) in paragraph at lines 335--348

 []


Underfull \hbox (badness 10000) in paragraph at lines 348--349

 []


</Users/Valentin/Travail/Outils/Cartographie/dossiers/Bugnot/ASLGF/out/cartes/r
etour_martelage/plans/CR_martelage_lot_6.jpg, id=35, 597.432pt x 421.0932pt>
File: /Users/Valentin/Travail/Outils/Cartographie/dossiers/Bugnot/ASLGF/out/car
tes/retour_martelage/plans/CR_martelage_lot_6.jpg Graphic file (type jpg)

<use /Users/Valentin/Travail/Outils/Cartographie/dossiers/Bugnot/ASLGF/out/cart
es/retour_martelage/plans/CR_martelage_lot_6.jpg>
Package pdftex.def Info: /Users/Valentin/Travail/Outils/Cartographie/dossiers/B
ugnot/ASLGF/out/cartes/retour_martelage/plans/CR_martelage_lot_6.jpg used on in
put line 350.
(pdftex.def)             Requested size: 512.14963pt x 361.01508pt.
 [6 </Users/Valentin/Travail/Outils/Cartographie/dossiers/Bugnot/ASLGF/out/cart
es/retour_martelage/plans/CR_martelage_lot_6.jpg>]
Overfull \hbox (12.35977pt too wide) in paragraph at lines 351--364
[] 
 []


Underfull \hbox (badness 10000) in paragraph at lines 351--364

 []


Underfull \hbox (badness 10000) in paragraph at lines 364--364

 []


</Users/Valentin/Travail/Outils/Cartographie/dossiers/Bugnot/ASLGF/out/cartes/r
etour_martelage/plans/CR_martelage_lot_7.jpg, id=40, 597.432pt x 421.0932pt>
File: /Users/Valentin/Travail/Outils/Cartographie/dossiers/Bugnot/ASLGF/out/car
tes/retour_martelage/plans/CR_martelage_lot_7.jpg Graphic file (type jpg)

<use /Users/Valentin/Travail/Outils/Cartographie/dossiers/Bugnot/ASLGF/out/cart
es/retour_martelage/plans/CR_martelage_lot_7.jpg>
Package pdftex.def Info: /Users/Valentin/Travail/Outils/Cartographie/dossiers/B
ugnot/ASLGF/out/cartes/retour_martelage/plans/CR_martelage_lot_7.jpg used on in
put line 365.
(pdftex.def)             Requested size: 512.14963pt x 361.01508pt.
 [7 </Users/Valentin/Travail/Outils/Cartographie/dossiers/Bugnot/ASLGF/out/cart
es/retour_martelage/plans/CR_martelage_lot_7.jpg>]
Overfull \hbox (12.35977pt too wide) in paragraph at lines 366--379
[] 
 []


Underfull \hbox (badness 10000) in paragraph at lines 366--379

 []


Underfull \hbox (badness 10000) in paragraph at lines 379--379

 []


</Users/Valentin/Travail/Outils/Cartographie/dossiers/Bugnot/ASLGF/out/cartes/r
etour_martelage/plans/CR_martelage_lot_8.jpg, id=46, 597.432pt x 421.0932pt>
File: /Users/Valentin/Travail/Outils/Cartographie/dossiers/Bugnot/ASLGF/out/car
tes/retour_martelage/plans/CR_martelage_lot_8.jpg Graphic file (type jpg)

<use /Users/Valentin/Travail/Outils/Cartographie/dossiers/Bugnot/ASLGF/out/cart
es/retour_martelage/plans/CR_martelage_lot_8.jpg>
Package pdftex.def Info: /Users/Valentin/Travail/Outils/Cartographie/dossiers/B
ugnot/ASLGF/out/cartes/retour_martelage/plans/CR_martelage_lot_8.jpg used on in
put line 380.
(pdftex.def)             Requested size: 512.14963pt x 361.01508pt.
 [8 </Users/Valentin/Travail/Outils/Cartographie/dossiers/Bugnot/ASLGF/out/cart
es/retour_martelage/plans/CR_martelage_lot_8.jpg>]
Overfull \hbox (12.35977pt too wide) in paragraph at lines 381--394
[] 
 []


Underfull \hbox (badness 10000) in paragraph at lines 381--394

 []


Underfull \hbox (badness 10000) in paragraph at lines 394--394

 []


Underfull \hbox (badness 10000) in paragraph at lines 399--399
[]$ \T1/phv/m/n/10 an-ci-enne troue tem-pte.
 []


Underfull \hbox (badness 10000) in paragraph at lines 399--399

 []


Underfull \hbox (badness 10000) in paragraph at lines 404--404

 []


</Users/Valentin/Travail/Outils/Cartographie/dossiers/Bugnot/ASLGF/out/cartes/r
etour_martelage/plans/CR_martelage_lot_9.jpg, id=51, 597.432pt x 421.0932pt>
File: /Users/Valentin/Travail/Outils/Cartographie/dossiers/Bugnot/ASLGF/out/car
tes/retour_martelage/plans/CR_martelage_lot_9.jpg Graphic file (type jpg)

<use /Users/Valentin/Travail/Outils/Cartographie/dossiers/Bugnot/ASLGF/out/cart
es/retour_martelage/plans/CR_martelage_lot_9.jpg>
Package pdftex.def Info: /Users/Valentin/Travail/Outils/Cartographie/dossiers/B
ugnot/ASLGF/out/cartes/retour_martelage/plans/CR_martelage_lot_9.jpg used on in
put line 405.
(pdftex.def)             Requested size: 512.14963pt x 361.01508pt.
 [9] [10 </Users/Valentin/Travail/Outils/Cartographie/dossiers/Bugnot/ASLGF/out
/cartes/retour_martelage/plans/CR_martelage_lot_9.jpg>]
Overfull \hbox (12.35977pt too wide) in paragraph at lines 406--419
[] 
 []


Underfull \hbox (badness 10000) in paragraph at lines 406--419

 []


Underfull \hbox (badness 10000) in paragraph at lines 419--419

 []


Underfull \hbox (badness 10000) in paragraph at lines 424--424

 []


Underfull \hbox (badness 10000) in paragraph at lines 429--429

 []


</Users/Valentin/Travail/Outils/Cartographie/dossiers/Bugnot/ASLGF/out/cartes/r
etour_martelage/plans/CR_martelage_lot_10.jpg, id=60, 597.432pt x 421.0932pt>
File: /Users/Valentin/Travail/Outils/Cartographie/dossiers/Bugnot/ASLGF/out/car
tes/retour_martelage/plans/CR_martelage_lot_10.jpg Graphic file (type jpg)

<use /Users/Valentin/Travail/Outils/Cartographie/dossiers/Bugnot/ASLGF/out/cart
es/retour_martelage/plans/CR_martelage_lot_10.jpg>
Package pdftex.def Info: /Users/Valentin/Travail/Outils/Cartographie/dossiers/B
ugnot/ASLGF/out/cartes/retour_martelage/plans/CR_martelage_lot_10.jpg used on i
nput line 430.
(pdftex.def)             Requested size: 512.14963pt x 361.01508pt.
 [11] [12 </Users/Valentin/Travail/Outils/Cartographie/dossiers/Bugnot/ASLGF/ou
t/cartes/retour_martelage/plans/CR_martelage_lot_10.jpg>]
Overfull \hbox (12.35977pt too wide) in paragraph at lines 431--444
[] 
 []


Underfull \hbox (badness 10000) in paragraph at lines 431--444

 []


Underfull \hbox (badness 10000) in paragraph at lines 444--444

 []


</Users/Valentin/Travail/Outils/Cartographie/dossiers/Bugnot/ASLGF/out/cartes/r
etour_martelage/plans/CR_martelage_lot_11.jpg, id=69, 597.432pt x 421.0932pt>
File: /Users/Valentin/Travail/Outils/Cartographie/dossiers/Bugnot/ASLGF/out/car
tes/retour_martelage/plans/CR_martelage_lot_11.jpg Graphic file (type jpg)

<use /Users/Valentin/Travail/Outils/Cartographie/dossiers/Bugnot/ASLGF/out/cart
es/retour_martelage/plans/CR_martelage_lot_11.jpg>
Package pdftex.def Info: /Users/Valentin/Travail/Outils/Cartographie/dossiers/B
ugnot/ASLGF/out/cartes/retour_martelage/plans/CR_martelage_lot_11.jpg used on i
nput line 445.
(pdftex.def)             Requested size: 512.14963pt x 361.01508pt.
 [13 </Users/Valentin/Travail/Outils/Cartographie/dossiers/Bugnot/ASLGF/out/car
tes/retour_martelage/plans/CR_martelage_lot_11.jpg>]
Overfull \hbox (12.35977pt too wide) in paragraph at lines 446--459
[] 
 []


Underfull \hbox (badness 10000) in paragraph at lines 446--459

 []


Underfull \hbox (badness 10000) in paragraph at lines 459--459

 []


Underfull \hbox (badness 10000) in paragraph at lines 464--464

 []


</Users/Valentin/Travail/Outils/Cartographie/dossiers/Bugnot/ASLGF/out/cartes/r
etour_martelage/plans/CR_martelage_lot_12.jpg, id=75, 597.432pt x 421.0932pt>
File: /Users/Valentin/Travail/Outils/Cartographie/dossiers/Bugnot/ASLGF/out/car
tes/retour_martelage/plans/CR_martelage_lot_12.jpg Graphic file (type jpg)

<use /Users/Valentin/Travail/Outils/Cartographie/dossiers/Bugnot/ASLGF/out/cart
es/retour_martelage/plans/CR_martelage_lot_12.jpg>
Package pdftex.def Info: /Users/Valentin/Travail/Outils/Cartographie/dossiers/B
ugnot/ASLGF/out/cartes/retour_martelage/plans/CR_martelage_lot_12.jpg used on i
nput line 465.
(pdftex.def)             Requested size: 512.14963pt x 361.01508pt.
 [14 </Users/Valentin/Travail/Outils/Cartographie/dossiers/Bugnot/ASLGF/out/car
tes/retour_martelage/plans/CR_martelage_lot_12.jpg>]
Overfull \hbox (12.35977pt too wide) in paragraph at lines 466--479
[] 
 []


Underfull \hbox (badness 10000) in paragraph at lines 466--479

 []


Underfull \hbox (badness 7649) in paragraph at lines 479--479
[]$ \T1/phv/m/n/10 A con-firmer (dif-fi-cults po-si-tion-nement
 []


Underfull \hbox (badness 10000) in paragraph at lines 479--479

 []


</Users/Valentin/Travail/Outils/Cartographie/dossiers/Bugnot/ASLGF/out/cartes/r
etour_martelage/plans/CR_martelage_lot_13.jpg, id=80, 597.432pt x 421.0932pt>
File: /Users/Valentin/Travail/Outils/Cartographie/dossiers/Bugnot/ASLGF/out/car
tes/retour_martelage/plans/CR_martelage_lot_13.jpg Graphic file (type jpg)

<use /Users/Valentin/Travail/Outils/Cartographie/dossiers/Bugnot/ASLGF/out/cart
es/retour_martelage/plans/CR_martelage_lot_13.jpg>
Package pdftex.def Info: /Users/Valentin/Travail/Outils/Cartographie/dossiers/B
ugnot/ASLGF/out/cartes/retour_martelage/plans/CR_martelage_lot_13.jpg used on i
nput line 480.
(pdftex.def)             Requested size: 512.14963pt x 361.01508pt.
 [15 </Users/Valentin/Travail/Outils/Cartographie/dossiers/Bugnot/ASLGF/out/car
tes/retour_martelage/plans/CR_martelage_lot_13.jpg>]
Overfull \hbox (12.35977pt too wide) in paragraph at lines 481--494
[] 
 []


Underfull \hbox (badness 10000) in paragraph at lines 481--494

 []


Underfull \hbox (badness 10000) in paragraph at lines 494--494

 []


</Users/Valentin/Travail/Outils/Cartographie/dossiers/Bugnot/ASLGF/out/cartes/r
etour_martelage/plans/CR_martelage_lot_14.jpg, id=85, 597.432pt x 421.0932pt>
File: /Users/Valentin/Travail/Outils/Cartographie/dossiers/Bugnot/ASLGF/out/car
tes/retour_martelage/plans/CR_martelage_lot_14.jpg Graphic file (type jpg)

<use /Users/Valentin/Travail/Outils/Cartographie/dossiers/Bugnot/ASLGF/out/cart
es/retour_martelage/plans/CR_martelage_lot_14.jpg>
Package pdftex.def Info: /Users/Valentin/Travail/Outils/Cartographie/dossiers/B
ugnot/ASLGF/out/cartes/retour_martelage/plans/CR_martelage_lot_14.jpg used on i
nput line 495.
(pdftex.def)             Requested size: 512.14963pt x 361.01508pt.
 [16 </Users/Valentin/Travail/Outils/Cartographie/dossiers/Bugnot/ASLGF/out/car
tes/retour_martelage/plans/CR_martelage_lot_14.jpg>]
Overfull \hbox (12.35977pt too wide) in paragraph at lines 496--509
[] 
 []


Underfull \hbox (badness 10000) in paragraph at lines 496--509

 []


Underfull \hbox (badness 10000) in paragraph at lines 509--509

 []


</Users/Valentin/Travail/Outils/Cartographie/dossiers/Bugnot/ASLGF/out/cartes/r
etour_martelage/plans/CR_martelage_lot_15.jpg, id=90, 597.432pt x 421.0932pt>
File: /Users/Valentin/Travail/Outils/Cartographie/dossiers/Bugnot/ASLGF/out/car
tes/retour_martelage/plans/CR_martelage_lot_15.jpg Graphic file (type jpg)

<use /Users/Valentin/Travail/Outils/Cartographie/dossiers/Bugnot/ASLGF/out/cart
es/retour_martelage/plans/CR_martelage_lot_15.jpg>
Package pdftex.def Info: /Users/Valentin/Travail/Outils/Cartographie/dossiers/B
ugnot/ASLGF/out/cartes/retour_martelage/plans/CR_martelage_lot_15.jpg used on i
nput line 510.
(pdftex.def)             Requested size: 512.14963pt x 361.01508pt.
 [17 </Users/Valentin/Travail/Outils/Cartographie/dossiers/Bugnot/ASLGF/out/car
tes/retour_martelage/plans/CR_martelage_lot_15.jpg>]
Overfull \hbox (12.35977pt too wide) in paragraph at lines 511--524
[] 
 []


Underfull \hbox (badness 10000) in paragraph at lines 511--524

 []


Underfull \hbox (badness 10000) in paragraph at lines 524--524

 []


Underfull \hbox (badness 10000) in paragraph at lines 529--529

 []


Underfull \hbox (badness 10000) in paragraph at lines 534--534

 []


Underfull \hbox (badness 10000) in paragraph at lines 539--539

 []


</Users/Valentin/Travail/Outils/Cartographie/dossiers/Bugnot/ASLGF/out/cartes/r
etour_martelage/plans/CR_martelage_lot_16.jpg, id=95, 597.432pt x 421.0932pt>
File: /Users/Valentin/Travail/Outils/Cartographie/dossiers/Bugnot/ASLGF/out/car
tes/retour_martelage/plans/CR_martelage_lot_16.jpg Graphic file (type jpg)

<use /Users/Valentin/Travail/Outils/Cartographie/dossiers/Bugnot/ASLGF/out/cart
es/retour_martelage/plans/CR_martelage_lot_16.jpg>
Package pdftex.def Info: /Users/Valentin/Travail/Outils/Cartographie/dossiers/B
ugnot/ASLGF/out/cartes/retour_martelage/plans/CR_martelage_lot_16.jpg used on i
nput line 540.
(pdftex.def)             Requested size: 512.14963pt x 361.01508pt.
 [18] [19 </Users/Valentin/Travail/Outils/Cartographie/dossiers/Bugnot/ASLGF/ou
t/cartes/retour_martelage/plans/CR_martelage_lot_16.jpg>]
Overfull \hbox (12.35977pt too wide) in paragraph at lines 541--554
[] 
 []


Underfull \hbox (badness 10000) in paragraph at lines 541--554

 []


Underfull \hbox (badness 10000) in paragraph at lines 554--554

 []


</Users/Valentin/Travail/Outils/Cartographie/dossiers/Bugnot/ASLGF/out/cartes/r
etour_martelage/plans/CR_martelage_lot_17.jpg, id=105, 597.432pt x 421.0932pt>
File: /Users/Valentin/Travail/Outils/Cartographie/dossiers/Bugnot/ASLGF/out/car
tes/retour_martelage/plans/CR_martelage_lot_17.jpg Graphic file (type jpg)

<use /Users/Valentin/Travail/Outils/Cartographie/dossiers/Bugnot/ASLGF/out/cart
es/retour_martelage/plans/CR_martelage_lot_17.jpg>
Package pdftex.def Info: /Users/Valentin/Travail/Outils/Cartographie/dossiers/B
ugnot/ASLGF/out/cartes/retour_martelage/plans/CR_martelage_lot_17.jpg used on i
nput line 555.
(pdftex.def)             Requested size: 512.14963pt x 361.01508pt.
 [20 </Users/Valentin/Travail/Outils/Cartographie/dossiers/Bugnot/ASLGF/out/car
tes/retour_martelage/plans/CR_martelage_lot_17.jpg>]
Overfull \hbox (12.35977pt too wide) in paragraph at lines 556--569
[] 
 []


Underfull \hbox (badness 10000) in paragraph at lines 556--569

 []


Underfull \hbox (badness 10000) in paragraph at lines 569--569

 []


</Users/Valentin/Travail/Outils/Cartographie/dossiers/Bugnot/ASLGF/out/cartes/r
etour_martelage/plans/CR_martelage_lot_18.jpg, id=110, 597.432pt x 421.0932pt>
File: /Users/Valentin/Travail/Outils/Cartographie/dossiers/Bugnot/ASLGF/out/car
tes/retour_martelage/plans/CR_martelage_lot_18.jpg Graphic file (type jpg)

<use /Users/Valentin/Travail/Outils/Cartographie/dossiers/Bugnot/ASLGF/out/cart
es/retour_martelage/plans/CR_martelage_lot_18.jpg>
Package pdftex.def Info: /Users/Valentin/Travail/Outils/Cartographie/dossiers/B
ugnot/ASLGF/out/cartes/retour_martelage/plans/CR_martelage_lot_18.jpg used on i
nput line 570.
(pdftex.def)             Requested size: 512.14963pt x 361.01508pt.
 [21 </Users/Valentin/Travail/Outils/Cartographie/dossiers/Bugnot/ASLGF/out/car
tes/retour_martelage/plans/CR_martelage_lot_18.jpg>]
Overfull \hbox (12.35977pt too wide) in paragraph at lines 571--584
[] 
 []


Underfull \hbox (badness 10000) in paragraph at lines 571--584

 []


Underfull \hbox (badness 10000) in paragraph at lines 584--584

 []


</Users/Valentin/Travail/Outils/Cartographie/dossiers/Bugnot/ASLGF/out/cartes/r
etour_martelage/plans/CR_martelage_lot_19.jpg, id=115, 597.432pt x 421.0932pt>
File: /Users/Valentin/Travail/Outils/Cartographie/dossiers/Bugnot/ASLGF/out/car
tes/retour_martelage/plans/CR_martelage_lot_19.jpg Graphic file (type jpg)

<use /Users/Valentin/Travail/Outils/Cartographie/dossiers/Bugnot/ASLGF/out/cart
es/retour_martelage/plans/CR_martelage_lot_19.jpg>
Package pdftex.def Info: /Users/Valentin/Travail/Outils/Cartographie/dossiers/B
ugnot/ASLGF/out/cartes/retour_martelage/plans/CR_martelage_lot_19.jpg used on i
nput line 585.
(pdftex.def)             Requested size: 512.14963pt x 361.01508pt.
 [22 </Users/Valentin/Travail/Outils/Cartographie/dossiers/Bugnot/ASLGF/out/car
tes/retour_martelage/plans/CR_martelage_lot_19.jpg>]
Overfull \hbox (12.35977pt too wide) in paragraph at lines 586--599
[] 
 []


Underfull \hbox (badness 10000) in paragraph at lines 586--599

 []


Underfull \hbox (badness 10000) in paragraph at lines 599--599

 []


Underfull \hbox (badness 10000) in paragraph at lines 604--604

 []


</Users/Valentin/Travail/Outils/Cartographie/dossiers/Bugnot/ASLGF/out/cartes/r
etour_martelage/plans/CR_martelage_lot_20.jpg, id=120, 597.432pt x 421.0932pt>
File: /Users/Valentin/Travail/Outils/Cartographie/dossiers/Bugnot/ASLGF/out/car
tes/retour_martelage/plans/CR_martelage_lot_20.jpg Graphic file (type jpg)

<use /Users/Valentin/Travail/Outils/Cartographie/dossiers/Bugnot/ASLGF/out/cart
es/retour_martelage/plans/CR_martelage_lot_20.jpg>
Package pdftex.def Info: /Users/Valentin/Travail/Outils/Cartographie/dossiers/B
ugnot/ASLGF/out/cartes/retour_martelage/plans/CR_martelage_lot_20.jpg used on i
nput line 605.
(pdftex.def)             Requested size: 512.14963pt x 361.01508pt.
 [23 </Users/Valentin/Travail/Outils/Cartographie/dossiers/Bugnot/ASLGF/out/car
tes/retour_martelage/plans/CR_martelage_lot_20.jpg>]
Overfull \hbox (12.35977pt too wide) in paragraph at lines 606--619
[] 
 []


Underfull \hbox (badness 10000) in paragraph at lines 606--619

 []


Underfull \hbox (badness 10000) in paragraph at lines 619--619
[]$ \T1/phv/m/n/10 trs mau-vais po-ten-tiel
 []


Underfull \hbox (badness 10000) in paragraph at lines 619--619

 []


Underfull \hbox (badness 10000) in paragraph at lines 624--624

 []


</Users/Valentin/Travail/Outils/Cartographie/dossiers/Bugnot/ASLGF/out/cartes/r
etour_martelage/plans/CR_martelage_lot_21.jpg, id=125, 597.432pt x 421.0932pt>
File: /Users/Valentin/Travail/Outils/Cartographie/dossiers/Bugnot/ASLGF/out/car
tes/retour_martelage/plans/CR_martelage_lot_21.jpg Graphic file (type jpg)

<use /Users/Valentin/Travail/Outils/Cartographie/dossiers/Bugnot/ASLGF/out/cart
es/retour_martelage/plans/CR_martelage_lot_21.jpg>
Package pdftex.def Info: /Users/Valentin/Travail/Outils/Cartographie/dossiers/B
ugnot/ASLGF/out/cartes/retour_martelage/plans/CR_martelage_lot_21.jpg used on i
nput line 625.
(pdftex.def)             Requested size: 512.14963pt x 361.01508pt.
 [24 </Users/Valentin/Travail/Outils/Cartographie/dossiers/Bugnot/ASLGF/out/car
tes/retour_martelage/plans/CR_martelage_lot_21.jpg>]
Overfull \hbox (12.35977pt too wide) in paragraph at lines 626--639
[] 
 []


Underfull \hbox (badness 10000) in paragraph at lines 626--639

 []


Underfull \hbox (badness 10000) in paragraph at lines 639--639

 []


Underfull \hbox (badness 10000) in paragraph at lines 644--644

 []


</Users/Valentin/Travail/Outils/Cartographie/dossiers/Bugnot/ASLGF/out/cartes/r
etour_martelage/plans/CR_martelage_lot_22.jpg, id=130, 597.432pt x 421.0932pt>
File: /Users/Valentin/Travail/Outils/Cartographie/dossiers/Bugnot/ASLGF/out/car
tes/retour_martelage/plans/CR_martelage_lot_22.jpg Graphic file (type jpg)

<use /Users/Valentin/Travail/Outils/Cartographie/dossiers/Bugnot/ASLGF/out/cart
es/retour_martelage/plans/CR_martelage_lot_22.jpg>
Package pdftex.def Info: /Users/Valentin/Travail/Outils/Cartographie/dossiers/B
ugnot/ASLGF/out/cartes/retour_martelage/plans/CR_martelage_lot_22.jpg used on i
nput line 645.
(pdftex.def)             Requested size: 512.14963pt x 361.01508pt.
 [25 </Users/Valentin/Travail/Outils/Cartographie/dossiers/Bugnot/ASLGF/out/car
tes/retour_martelage/plans/CR_martelage_lot_22.jpg>]
Overfull \hbox (12.35977pt too wide) in paragraph at lines 646--659
[] 
 []


Underfull \hbox (badness 10000) in paragraph at lines 646--659

 []


Underfull \hbox (badness 10000) in paragraph at lines 659--659

 []


Underfull \hbox (badness 10000) in paragraph at lines 664--664

 []


Underfull \hbox (badness 10000) in paragraph at lines 669--669

 []


</Users/Valentin/Travail/Outils/Cartographie/dossiers/Bugnot/ASLGF/out/cartes/r
etour_martelage/plans/CR_martelage_lot_23.jpg, id=136, 597.432pt x 421.0932pt>
File: /Users/Valentin/Travail/Outils/Cartographie/dossiers/Bugnot/ASLGF/out/car
tes/retour_martelage/plans/CR_martelage_lot_23.jpg Graphic file (type jpg)

<use /Users/Valentin/Travail/Outils/Cartographie/dossiers/Bugnot/ASLGF/out/cart
es/retour_martelage/plans/CR_martelage_lot_23.jpg>
Package pdftex.def Info: /Users/Valentin/Travail/Outils/Cartographie/dossiers/B
ugnot/ASLGF/out/cartes/retour_martelage/plans/CR_martelage_lot_23.jpg used on i
nput line 670.
(pdftex.def)             Requested size: 512.14963pt x 361.01508pt.
 [26 </Users/Valentin/Travail/Outils/Cartographie/dossiers/Bugnot/ASLGF/out/car
tes/retour_martelage/plans/CR_martelage_lot_23.jpg>]
Package atveryend Info: Empty hook `BeforeClearDocument' on input line 674.
Package atveryend Info: Empty hook `AfterLastShipout' on input line 674.
 (./CR_Martelages.aux)
Package atveryend Info: Executing hook `AtVeryEndDocument' on input line 674.
Package atveryend Info: Executing hook `AtEndAfterFileList' on input line 674.
Package rerunfilecheck Info: File `CR_Martelages.out' has not changed.
(rerunfilecheck)             Checksum: D41D8CD98F00B204E9800998ECF8427E;0.
Package atveryend Info: Empty hook `AtVeryVeryEnd' on input line 674.
 ) 
Here is how much of TeX's memory you used:
 23000 strings out of 493089
 421568 string characters out of 6134842
 520847 words of memory out of 5000000
 26001 multiletter control sequences out of 15000+600000
 20072 words of font info for 33 fonts, out of 8000000 for 9000
 1141 hyphenation exceptions out of 8191
 55i,6n,54p,1314b,447s stack positions out of 5000i,500n,10000p,200000b,80000s
{/usr/local/texlive/2015/texmf-dist/fonts/enc/dvips/base/8r.enc}</usr/local/t
exlive/2015/texmf-dist/fonts/type1/urw/helvetic/uhvb8a.pfb></usr/local/texlive/
2015/texmf-dist/fonts/type1/urw/helvetic/uhvr8a.pfb>
Output written on CR_Martelages.pdf (26 pages, 9740036 bytes).
PDF statistics:
 159 PDF objects out of 1000 (max. 8388607)
 104 compressed objects within 2 object streams
 27 named destinations out of 1000 (max. 500000)
 128 words of extra memory for PDF output out of 10000 (max. 10000000)

